#! /usr/bin/vvp
:ivl_version "12.0 (stable)";
:ivl_delay_selection "TYPICAL";
:vpi_time_precision - 12;
:vpi_module "/usr/lib/x86_64-linux-gnu/ivl/system.vpi";
:vpi_module "/usr/lib/x86_64-linux-gnu/ivl/vhdl_sys.vpi";
:vpi_module "/usr/lib/x86_64-linux-gnu/ivl/vhdl_textio.vpi";
:vpi_module "/usr/lib/x86_64-linux-gnu/ivl/v2005_math.vpi";
:vpi_module "/usr/lib/x86_64-linux-gnu/ivl/va_math.vpi";
S_0x5611ff49dd70 .scope module, "pattern_gen_tb" "pattern_gen_tb" 2 4;
 .timescale -9 -12;
v0x5611ff4b2aa0_0 .var "clk", 0 0;
v0x5611ff4b2b40_0 .net "out", 7 0, L_0x5611ff4b2e90;  1 drivers
v0x5611ff4b2c10_0 .var "rst", 0 0;
S_0x5611ff49df00 .scope module, "dut" "pattern_gen" 2 9, 3 1 0, S_0x5611ff49dd70;
 .timescale -9 -12;
    .port_info 0 /INPUT 1 "clk";
    .port_info 1 /INPUT 1 "rst";
    .port_info 2 /OUTPUT 8 "out";
L_0x7f216662f018 .functor BUFT 1, C4<000>, C4<0>, C4<0>, C4<0>;
v0x5611ff49e130_0 .net/2u *"_ivl_0", 2 0, L_0x7f216662f018;  1 drivers
v0x5611ff4b2430_0 .net *"_ivl_2", 0 0, L_0x5611ff4b2d40;  1 drivers
v0x5611ff4b24f0_0 .var "a", 7 0;
v0x5611ff4b25b0_0 .var "c", 7 0;
v0x5611ff4b2690_0 .net "clk", 0 0, v0x5611ff4b2aa0_0;  1 drivers
v0x5611ff4b27a0_0 .var "count", 2 0;
v0x5611ff4b2880_0 .net "out", 7 0, L_0x5611ff4b2e90;  alias, 1 drivers
v0x5611ff4b2960_0 .net "rst", 0 0, v0x5611ff4b2c10_0;  1 drivers
E_0x5611ff462910 .event posedge, v0x5611ff4b2960_0, v0x5611ff4b2690_0;
L_0x5611ff4b2d40 .cmp/ne 3, v0x5611ff4b27a0_0, L_0x7f216662f018;
L_0x5611ff4b2e90 .functor MUXZ 8, v0x5611ff4b25b0_0, v0x5611ff4b24f0_0, L_0x5611ff4b2d40, C4<>;
    .scope S_0x5611ff49df00;
T_0 ;
    %wait E_0x5611ff462910;
    %load/vec4 v0x5611ff4b2960_0;
    %flag_set/vec4 8;
    %jmp/0xz  T_0.0, 8;
    %pushi/vec4 0, 0, 3;
    %assign/vec4 v0x5611ff4b27a0_0, 0;
    %pushi/vec4 16, 0, 8;
    %assign/vec4 v0x5611ff4b24f0_0, 0;
    %pushi/vec4 1, 0, 8;
    %assign/vec4 v0x5611ff4b25b0_0, 0;
    %jmp T_0.1;
T_0.0 ;
    %load/vec4 v0x5611ff4b27a0_0;
    %addi 1, 0, 3;
    %assign/vec4 v0x5611ff4b27a0_0, 0;
    %load/vec4 v0x5611ff4b27a0_0;
    %cmpi/ne 0, 0, 3;
    %jmp/0xz  T_0.2, 4;
    %load/vec4 v0x5611ff4b24f0_0;
    %parti/s 3, 4, 4;
    %load/vec4 v0x5611ff4b24f0_0;
    %parti/s 1, 7, 4;
    %concat/vec4; draw_concat_vec4
    %load/vec4 v0x5611ff4b24f0_0;
    %parti/s 4, 0, 2;
    %concat/vec4; draw_concat_vec4
    %assign/vec4 v0x5611ff4b24f0_0, 0;
T_0.2 ;
T_0.1 ;
    %jmp T_0;
    .thread T_0;
    .scope S_0x5611ff49dd70;
T_1 ;
    %delay 5000, 0;
    %load/vec4 v0x5611ff4b2aa0_0;
    %inv;
    %store/vec4 v0x5611ff4b2aa0_0, 0, 1;
    %jmp T_1;
    .thread T_1;
    .scope S_0x5611ff49dd70;
T_2 ;
    %vpi_call 2 16 "$dumpfile", "pattern.vcd" {0 0 0};
    %vpi_call 2 17 "$dumpvars", 32'sb00000000000000000000000000000000, S_0x5611ff49dd70 {0 0 0};
    %vpi_call 2 18 "$monitor", "time=%0t\011 out=%b\011a=%b\011c=%b\011count=%b\011clk=%b\011rst=%b", $time, v0x5611ff4b2b40_0, v0x5611ff4b24f0_0, v0x5611ff4b25b0_0, v0x5611ff4b27a0_0, v0x5611ff4b2aa0_0, v0x5611ff4b2c10_0 {0 0 0};
    %pushi/vec4 0, 0, 1;
    %store/vec4 v0x5611ff4b2aa0_0, 0, 1;
    %pushi/vec4 1, 0, 1;
    %store/vec4 v0x5611ff4b2c10_0, 0, 1;
    %delay 10000, 0;
    %pushi/vec4 0, 0, 1;
    %store/vec4 v0x5611ff4b2c10_0, 0, 1;
    %delay 100000, 0;
    %vpi_call 2 24 "$finish" {0 0 0};
    %end;
    .thread T_2;
# The file index is used to find the file name in the following table.
:file_names 4;
    "N/A";
    "<interactive>";
    "pattern_gen_tb.v";
    "./pattern_gen.v";
