#! /usr/bin/vvp
:ivl_version "12.0 (stable)";
:ivl_delay_selection "TYPICAL";
:vpi_time_precision - 12;
:vpi_module "/usr/lib/x86_64-linux-gnu/ivl/system.vpi";
:vpi_module "/usr/lib/x86_64-linux-gnu/ivl/vhdl_sys.vpi";
:vpi_module "/usr/lib/x86_64-linux-gnu/ivl/vhdl_textio.vpi";
:vpi_module "/usr/lib/x86_64-linux-gnu/ivl/v2005_math.vpi";
:vpi_module "/usr/lib/x86_64-linux-gnu/ivl/va_math.vpi";
S_0x55c5307eaca0 .scope module, "alu_tb" "alu_tb" 2 4;
 .timescale -9 -12;
v0x55c530803310_0 .var "a", 3 0;
v0x55c5308033f0_0 .var "b", 3 0;
v0x55c5308034c0_0 .net "borrow", 0 0, v0x55c530802ee0_0;  1 drivers
v0x55c5308035c0_0 .net "carry", 0 0, v0x55c530802f80_0;  1 drivers
v0x55c530803690_0 .net "result", 3 0, v0x55c530803040_0;  1 drivers
v0x55c530803780_0 .var "sel", 2 0;
S_0x55c5307eae30 .scope module, "dut" "alu" 2 11, 3 1 0, S_0x55c5307eaca0;
 .timescale -9 -12;
    .port_info 0 /INPUT 4 "a";
    .port_info 1 /INPUT 4 "b";
    .port_info 2 /INPUT 3 "sel";
    .port_info 3 /OUTPUT 1 "carry";
    .port_info 4 /OUTPUT 4 "result";
    .port_info 5 /OUTPUT 1 "borrow";
v0x55c5307eb080_0 .net "a", 3 0, v0x55c530803310_0;  1 drivers
v0x55c530802e00_0 .net "b", 3 0, v0x55c5308033f0_0;  1 drivers
v0x55c530802ee0_0 .var "borrow", 0 0;
v0x55c530802f80_0 .var "carry", 0 0;
v0x55c530803040_0 .var "result", 3 0;
v0x55c530803170_0 .net "sel", 2 0, v0x55c530803780_0;  1 drivers
E_0x55c5307e8840 .event anyedge, v0x55c530803170_0, v0x55c5307eb080_0, v0x55c530802e00_0;
    .scope S_0x55c5307eae30;
T_0 ;
    %wait E_0x55c5307e8840;
    %load/vec4 v0x55c530803170_0;
    %dup/vec4;
    %pushi/vec4 0, 0, 3;
    %cmp/u;
    %jmp/1 T_0.0, 6;
    %dup/vec4;
    %pushi/vec4 1, 0, 3;
    %cmp/u;
    %jmp/1 T_0.1, 6;
    %dup/vec4;
    %pushi/vec4 2, 0, 3;
    %cmp/u;
    %jmp/1 T_0.2, 6;
    %dup/vec4;
    %pushi/vec4 3, 0, 3;
    %cmp/u;
    %jmp/1 T_0.3, 6;
    %dup/vec4;
    %pushi/vec4 4, 0, 3;
    %cmp/u;
    %jmp/1 T_0.4, 6;
    %dup/vec4;
    %pushi/vec4 5, 0, 3;
    %cmp/u;
    %jmp/1 T_0.5, 6;
    %dup/vec4;
    %pushi/vec4 6, 0, 3;
    %cmp/u;
    %jmp/1 T_0.6, 6;
    %pushi/vec4 0, 0, 4;
    %store/vec4 v0x55c530803040_0, 0, 4;
    %jmp T_0.8;
T_0.0 ;
    %load/vec4 v0x55c5307eb080_0;
    %pad/u 5;
    %load/vec4 v0x55c530802e00_0;
    %pad/u 5;
    %add;
    %split/vec4 4;
    %store/vec4 v0x55c530803040_0, 0, 4;
    %store/vec4 v0x55c530802f80_0, 0, 1;
    %jmp T_0.8;
T_0.1 ;
    %load/vec4 v0x55c5307eb080_0;
    %pad/u 5;
    %load/vec4 v0x55c530802e00_0;
    %pad/u 5;
    %sub;
    %split/vec4 4;
    %store/vec4 v0x55c530803040_0, 0, 4;
    %store/vec4 v0x55c530802ee0_0, 0, 1;
    %jmp T_0.8;
T_0.2 ;
    %load/vec4 v0x55c5307eb080_0;
    %load/vec4 v0x55c530802e00_0;
    %and;
    %store/vec4 v0x55c530803040_0, 0, 4;
    %jmp T_0.8;
T_0.3 ;
    %load/vec4 v0x55c5307eb080_0;
    %load/vec4 v0x55c530802e00_0;
    %or;
    %store/vec4 v0x55c530803040_0, 0, 4;
    %jmp T_0.8;
T_0.4 ;
    %load/vec4 v0x55c5307eb080_0;
    %load/vec4 v0x55c530802e00_0;
    %xor;
    %store/vec4 v0x55c530803040_0, 0, 4;
    %jmp T_0.8;
T_0.5 ;
    %load/vec4 v0x55c5307eb080_0;
    %cmpi/ne 0, 0, 4;
    %flag_get/vec4 4;
    %jmp/0 T_0.9, 4;
    %load/vec4 v0x55c530802e00_0;
    %pushi/vec4 0, 0, 4;
    %cmp/ne;
    %flag_get/vec4 4;
    %and;
T_0.9;
    %pad/u 4;
    %store/vec4 v0x55c530803040_0, 0, 4;
    %jmp T_0.8;
T_0.6 ;
    %load/vec4 v0x55c5307eb080_0;
    %cmpi/ne 0, 0, 4;
    %flag_get/vec4 4;
    %jmp/1 T_0.10, 4;
    %load/vec4 v0x55c530802e00_0;
    %pushi/vec4 0, 0, 4;
    %cmp/ne;
    %flag_get/vec4 4;
    %or;
T_0.10;
    %pad/u 4;
    %store/vec4 v0x55c530803040_0, 0, 4;
    %jmp T_0.8;
T_0.8 ;
    %pop/vec4 1;
    %jmp T_0;
    .thread T_0, $push;
    .scope S_0x55c5307eaca0;
T_1 ;
    %vpi_call 2 14 "$dumpfile", "alu.vcd" {0 0 0};
    %vpi_call 2 15 "$dumpvars", 32'sb00000000000000000000000000000000, S_0x55c5307eaca0 {0 0 0};
    %vpi_call 2 16 "$monitor", "a=%b\011b=%b\011sel=%b\011result=%b\011carry=%b\011borrow=%b", v0x55c530803310_0, v0x55c5308033f0_0, v0x55c530803780_0, v0x55c530803690_0, v0x55c5308035c0_0, v0x55c5308034c0_0 {0 0 0};
    %pushi/vec4 13, 0, 4;
    %store/vec4 v0x55c530803310_0, 0, 4;
    %pushi/vec4 6, 0, 4;
    %store/vec4 v0x55c5308033f0_0, 0, 4;
    %pushi/vec4 0, 0, 3;
    %store/vec4 v0x55c530803780_0, 0, 3;
    %delay 5000, 0;
    %pushi/vec4 9, 0, 4;
    %store/vec4 v0x55c530803310_0, 0, 4;
    %pushi/vec4 14, 0, 4;
    %store/vec4 v0x55c5308033f0_0, 0, 4;
    %pushi/vec4 1, 0, 3;
    %store/vec4 v0x55c530803780_0, 0, 3;
    %delay 5000, 0;
    %pushi/vec4 12, 0, 4;
    %store/vec4 v0x55c530803310_0, 0, 4;
    %pushi/vec4 15, 0, 4;
    %store/vec4 v0x55c5308033f0_0, 0, 4;
    %pushi/vec4 2, 0, 3;
    %store/vec4 v0x55c530803780_0, 0, 3;
    %delay 5000, 0;
    %pushi/vec4 3, 0, 4;
    %store/vec4 v0x55c530803310_0, 0, 4;
    %pushi/vec4 3, 0, 4;
    %store/vec4 v0x55c5308033f0_0, 0, 4;
    %pushi/vec4 3, 0, 3;
    %store/vec4 v0x55c530803780_0, 0, 3;
    %delay 5000, 0;
    %pushi/vec4 13, 0, 4;
    %store/vec4 v0x55c530803310_0, 0, 4;
    %pushi/vec4 14, 0, 4;
    %store/vec4 v0x55c5308033f0_0, 0, 4;
    %pushi/vec4 4, 0, 3;
    %store/vec4 v0x55c530803780_0, 0, 3;
    %delay 5000, 0;
    %pushi/vec4 15, 0, 4;
    %store/vec4 v0x55c530803310_0, 0, 4;
    %pushi/vec4 0, 0, 4;
    %store/vec4 v0x55c5308033f0_0, 0, 4;
    %pushi/vec4 5, 0, 3;
    %store/vec4 v0x55c530803780_0, 0, 3;
    %delay 5000, 0;
    %pushi/vec4 11, 0, 4;
    %store/vec4 v0x55c530803310_0, 0, 4;
    %pushi/vec4 12, 0, 4;
    %store/vec4 v0x55c5308033f0_0, 0, 4;
    %pushi/vec4 6, 0, 3;
    %store/vec4 v0x55c530803780_0, 0, 3;
    %delay 5000, 0;
    %pushi/vec4 15, 0, 4;
    %store/vec4 v0x55c530803310_0, 0, 4;
    %pushi/vec4 15, 0, 4;
    %store/vec4 v0x55c5308033f0_0, 0, 4;
    %pushi/vec4 7, 0, 3;
    %store/vec4 v0x55c530803780_0, 0, 3;
    %delay 5000, 0;
    %end;
    .thread T_1;
# The file index is used to find the file name in the following table.
:file_names 4;
    "N/A";
    "<interactive>";
    "alu_tb.v";
    "./alu.v";
