#! /usr/bin/vvp
:ivl_version "12.0 (stable)";
:ivl_delay_selection "TYPICAL";
:vpi_time_precision - 12;
:vpi_module "/usr/lib/x86_64-linux-gnu/ivl/system.vpi";
:vpi_module "/usr/lib/x86_64-linux-gnu/ivl/vhdl_sys.vpi";
:vpi_module "/usr/lib/x86_64-linux-gnu/ivl/vhdl_textio.vpi";
:vpi_module "/usr/lib/x86_64-linux-gnu/ivl/v2005_math.vpi";
:vpi_module "/usr/lib/x86_64-linux-gnu/ivl/va_math.vpi";
S_0x55d94b12d7d0 .scope module, "full_adder_tb" "full_adder_tb" 2 4;
 .timescale -9 -12;
v0x55d94b14a410_0 .var "a", 0 0;
v0x55d94b14a4d0_0 .var "b", 0 0;
v0x55d94b14a570_0 .net "carry", 0 0, L_0x55d94b14b560;  1 drivers
v0x55d94b14a670_0 .var "cin", 0 0;
v0x55d94b14a740_0 .net "sum", 0 0, L_0x55d94b14aea0;  1 drivers
S_0x55d94b12d960 .scope module, "dut" "full_adder_using_decoder" 2 10, 3 2 0, S_0x55d94b12d7d0;
 .timescale -9 -12;
    .port_info 0 /INPUT 1 "a";
    .port_info 1 /INPUT 1 "b";
    .port_info 2 /INPUT 1 "cin";
    .port_info 3 /OUTPUT 1 "sum";
    .port_info 4 /OUTPUT 1 "carry";
L_0x55d94b14ab60 .functor OR 1, L_0x55d94b14a9d0, L_0x55d94b14aac0, C4<0>, C4<0>;
L_0x55d94b14ad40 .functor OR 1, L_0x55d94b14ab60, L_0x55d94b14ac70, C4<0>, C4<0>;
L_0x55d94b14aea0 .functor OR 1, L_0x55d94b14ad40, L_0x55d94b14ae00, C4<0>, C4<0>;
L_0x55d94b14b180 .functor OR 1, L_0x55d94b14b000, L_0x55d94b14b0e0, C4<0>, C4<0>;
L_0x55d94b14b3b0 .functor OR 1, L_0x55d94b14b180, L_0x55d94b14b2c0, C4<0>, C4<0>;
L_0x55d94b14b560 .functor OR 1, L_0x55d94b14b3b0, L_0x55d94b14b4c0, C4<0>, C4<0>;
v0x55d94b149460_0 .net *"_ivl_10", 0 0, L_0x55d94b14ad40;  1 drivers
v0x55d94b149540_0 .net *"_ivl_13", 0 0, L_0x55d94b14ae00;  1 drivers
v0x55d94b149620_0 .net *"_ivl_17", 0 0, L_0x55d94b14b000;  1 drivers
v0x55d94b1496e0_0 .net *"_ivl_19", 0 0, L_0x55d94b14b0e0;  1 drivers
v0x55d94b1497c0_0 .net *"_ivl_20", 0 0, L_0x55d94b14b180;  1 drivers
v0x55d94b1498f0_0 .net *"_ivl_23", 0 0, L_0x55d94b14b2c0;  1 drivers
v0x55d94b1499d0_0 .net *"_ivl_24", 0 0, L_0x55d94b14b3b0;  1 drivers
v0x55d94b149ab0_0 .net *"_ivl_27", 0 0, L_0x55d94b14b4c0;  1 drivers
v0x55d94b149b90_0 .net *"_ivl_3", 0 0, L_0x55d94b14a9d0;  1 drivers
v0x55d94b149c70_0 .net *"_ivl_5", 0 0, L_0x55d94b14aac0;  1 drivers
v0x55d94b149d50_0 .net *"_ivl_6", 0 0, L_0x55d94b14ab60;  1 drivers
v0x55d94b149e30_0 .net *"_ivl_9", 0 0, L_0x55d94b14ac70;  1 drivers
v0x55d94b149f10_0 .net "a", 0 0, v0x55d94b14a410_0;  1 drivers
v0x55d94b149fd0_0 .net "b", 0 0, v0x55d94b14a4d0_0;  1 drivers
v0x55d94b14a090_0 .net "carry", 0 0, L_0x55d94b14b560;  alias, 1 drivers
v0x55d94b14a150_0 .net "cin", 0 0, v0x55d94b14a670_0;  1 drivers
v0x55d94b14a210_0 .net "m", 7 0, v0x55d94b149320_0;  1 drivers
v0x55d94b14a2d0_0 .net "sum", 0 0, L_0x55d94b14aea0;  alias, 1 drivers
L_0x55d94b14a7e0 .concat [ 1 1 1 0], v0x55d94b14a670_0, v0x55d94b14a4d0_0, v0x55d94b14a410_0;
L_0x55d94b14a9d0 .part v0x55d94b149320_0, 1, 1;
L_0x55d94b14aac0 .part v0x55d94b149320_0, 2, 1;
L_0x55d94b14ac70 .part v0x55d94b149320_0, 4, 1;
L_0x55d94b14ae00 .part v0x55d94b149320_0, 7, 1;
L_0x55d94b14b000 .part v0x55d94b149320_0, 3, 1;
L_0x55d94b14b0e0 .part v0x55d94b149320_0, 5, 1;
L_0x55d94b14b2c0 .part v0x55d94b149320_0, 6, 1;
L_0x55d94b14b4c0 .part v0x55d94b149320_0, 7, 1;
S_0x55d94b12af90 .scope module, "m1" "decoder" 3 11, 4 1 0, S_0x55d94b12d960;
 .timescale -9 -12;
    .port_info 0 /INPUT 3 "in";
    .port_info 1 /OUTPUT 8 "out";
v0x55d94b12b170_0 .net "in", 2 0, L_0x55d94b14a7e0;  1 drivers
v0x55d94b149320_0 .var "out", 7 0;
E_0x55d94b0f0f90 .event anyedge, v0x55d94b12b170_0;
    .scope S_0x55d94b12af90;
T_0 ;
    %wait E_0x55d94b0f0f90;
    %load/vec4 v0x55d94b12b170_0;
    %dup/vec4;
    %pushi/vec4 0, 0, 3;
    %cmp/u;
    %jmp/1 T_0.0, 6;
    %dup/vec4;
    %pushi/vec4 1, 0, 3;
    %cmp/u;
    %jmp/1 T_0.1, 6;
    %dup/vec4;
    %pushi/vec4 2, 0, 3;
    %cmp/u;
    %jmp/1 T_0.2, 6;
    %dup/vec4;
    %pushi/vec4 3, 0, 3;
    %cmp/u;
    %jmp/1 T_0.3, 6;
    %dup/vec4;
    %pushi/vec4 4, 0, 3;
    %cmp/u;
    %jmp/1 T_0.4, 6;
    %dup/vec4;
    %pushi/vec4 5, 0, 3;
    %cmp/u;
    %jmp/1 T_0.5, 6;
    %dup/vec4;
    %pushi/vec4 6, 0, 3;
    %cmp/u;
    %jmp/1 T_0.6, 6;
    %dup/vec4;
    %pushi/vec4 7, 0, 3;
    %cmp/u;
    %jmp/1 T_0.7, 6;
    %pushi/vec4 255, 255, 8;
    %store/vec4 v0x55d94b149320_0, 0, 8;
    %jmp T_0.9;
T_0.0 ;
    %pushi/vec4 1, 0, 8;
    %store/vec4 v0x55d94b149320_0, 0, 8;
    %jmp T_0.9;
T_0.1 ;
    %pushi/vec4 2, 0, 8;
    %store/vec4 v0x55d94b149320_0, 0, 8;
    %jmp T_0.9;
T_0.2 ;
    %pushi/vec4 4, 0, 8;
    %store/vec4 v0x55d94b149320_0, 0, 8;
    %jmp T_0.9;
T_0.3 ;
    %pushi/vec4 8, 0, 8;
    %store/vec4 v0x55d94b149320_0, 0, 8;
    %jmp T_0.9;
T_0.4 ;
    %pushi/vec4 16, 0, 8;
    %store/vec4 v0x55d94b149320_0, 0, 8;
    %jmp T_0.9;
T_0.5 ;
    %pushi/vec4 32, 0, 8;
    %store/vec4 v0x55d94b149320_0, 0, 8;
    %jmp T_0.9;
T_0.6 ;
    %pushi/vec4 64, 0, 8;
    %store/vec4 v0x55d94b149320_0, 0, 8;
    %jmp T_0.9;
T_0.7 ;
    %pushi/vec4 128, 0, 8;
    %store/vec4 v0x55d94b149320_0, 0, 8;
    %jmp T_0.9;
T_0.9 ;
    %pop/vec4 1;
    %jmp T_0;
    .thread T_0, $push;
    .scope S_0x55d94b12d7d0;
T_1 ;
    %vpi_call 2 12 "$dumpfile", "full_adder.vcd" {0 0 0};
    %vpi_call 2 13 "$dumpvars", 32'sb00000000000000000000000000000001 {0 0 0};
    %vpi_call 2 14 "$monitor", "a=%b\011b=%b\011cin=%b\011sum=%b\011carry=%b\011", v0x55d94b14a410_0, v0x55d94b14a4d0_0, v0x55d94b14a670_0, v0x55d94b14a740_0, v0x55d94b14a570_0 {0 0 0};
    %delay 10000, 0;
    %pushi/vec4 0, 0, 1;
    %store/vec4 v0x55d94b14a410_0, 0, 1;
    %pushi/vec4 0, 0, 1;
    %store/vec4 v0x55d94b14a4d0_0, 0, 1;
    %pushi/vec4 0, 0, 1;
    %store/vec4 v0x55d94b14a670_0, 0, 1;
    %delay 10000, 0;
    %delay 10000, 0;
    %pushi/vec4 0, 0, 1;
    %store/vec4 v0x55d94b14a410_0, 0, 1;
    %pushi/vec4 0, 0, 1;
    %store/vec4 v0x55d94b14a4d0_0, 0, 1;
    %pushi/vec4 1, 0, 1;
    %store/vec4 v0x55d94b14a670_0, 0, 1;
    %delay 10000, 0;
    %delay 10000, 0;
    %pushi/vec4 0, 0, 1;
    %store/vec4 v0x55d94b14a410_0, 0, 1;
    %pushi/vec4 1, 0, 1;
    %store/vec4 v0x55d94b14a4d0_0, 0, 1;
    %pushi/vec4 0, 0, 1;
    %store/vec4 v0x55d94b14a670_0, 0, 1;
    %delay 10000, 0;
    %delay 10000, 0;
    %pushi/vec4 0, 0, 1;
    %store/vec4 v0x55d94b14a410_0, 0, 1;
    %pushi/vec4 1, 0, 1;
    %store/vec4 v0x55d94b14a4d0_0, 0, 1;
    %pushi/vec4 1, 0, 1;
    %store/vec4 v0x55d94b14a670_0, 0, 1;
    %delay 10000, 0;
    %delay 10000, 0;
    %pushi/vec4 1, 0, 1;
    %store/vec4 v0x55d94b14a410_0, 0, 1;
    %pushi/vec4 0, 0, 1;
    %store/vec4 v0x55d94b14a4d0_0, 0, 1;
    %pushi/vec4 0, 0, 1;
    %store/vec4 v0x55d94b14a670_0, 0, 1;
    %delay 10000, 0;
    %delay 10000, 0;
    %pushi/vec4 1, 0, 1;
    %store/vec4 v0x55d94b14a410_0, 0, 1;
    %pushi/vec4 0, 0, 1;
    %store/vec4 v0x55d94b14a4d0_0, 0, 1;
    %pushi/vec4 1, 0, 1;
    %store/vec4 v0x55d94b14a670_0, 0, 1;
    %delay 10000, 0;
    %delay 10000, 0;
    %pushi/vec4 1, 0, 1;
    %store/vec4 v0x55d94b14a410_0, 0, 1;
    %pushi/vec4 1, 0, 1;
    %store/vec4 v0x55d94b14a4d0_0, 0, 1;
    %pushi/vec4 0, 0, 1;
    %store/vec4 v0x55d94b14a670_0, 0, 1;
    %delay 10000, 0;
    %delay 10000, 0;
    %pushi/vec4 1, 0, 1;
    %store/vec4 v0x55d94b14a410_0, 0, 1;
    %pushi/vec4 1, 0, 1;
    %store/vec4 v0x55d94b14a4d0_0, 0, 1;
    %pushi/vec4 1, 0, 1;
    %store/vec4 v0x55d94b14a670_0, 0, 1;
    %delay 10000, 0;
    %vpi_call 2 24 "$finish" {0 0 0};
    %end;
    .thread T_1;
# The file index is used to find the file name in the following table.
:file_names 5;
    "N/A";
    "<interactive>";
    "full_adder_tb.v";
    "./full_adder.v";
    "./decoder.v";
