#! /usr/bin/vvp
:ivl_version "12.0 (stable)";
:ivl_delay_selection "TYPICAL";
:vpi_time_precision - 12;
:vpi_module "/usr/lib/x86_64-linux-gnu/ivl/system.vpi";
:vpi_module "/usr/lib/x86_64-linux-gnu/ivl/vhdl_sys.vpi";
:vpi_module "/usr/lib/x86_64-linux-gnu/ivl/vhdl_textio.vpi";
:vpi_module "/usr/lib/x86_64-linux-gnu/ivl/v2005_math.vpi";
:vpi_module "/usr/lib/x86_64-linux-gnu/ivl/va_math.vpi";
S_0x56323f54bb40 .scope module, "LFSR_tb" "LFSR_tb" 2 4;
 .timescale -9 -12;
v0x56323f55f870_0 .net "Q", 3 0, v0x56323f55f3a0_0;  1 drivers
v0x56323f55f930_0 .var "clk", 0 0;
v0x56323f55fa00_0 .var "rst", 0 0;
S_0x56323f54bcd0 .scope module, "DUT" "LFSR" 2 9, 3 1 0, S_0x56323f54bb40;
 .timescale -9 -12;
    .port_info 0 /INPUT 1 "clk";
    .port_info 1 /INPUT 1 "rst";
    .port_info 2 /OUTPUT 4 "Q";
L_0x56323f55fcc0 .functor XOR 1, L_0x56323f55fb00, L_0x56323f55fc20, C4<0>, C4<0>;
v0x56323f54bf20_0 .net "D", 0 0, L_0x56323f55fcc0;  1 drivers
v0x56323f55f3a0_0 .var "Q", 3 0;
v0x56323f55f480_0 .net *"_ivl_1", 0 0, L_0x56323f55fb00;  1 drivers
v0x56323f55f540_0 .net *"_ivl_3", 0 0, L_0x56323f55fc20;  1 drivers
v0x56323f55f620_0 .net "clk", 0 0, v0x56323f55f930_0;  1 drivers
v0x56323f55f730_0 .net "rst", 0 0, v0x56323f55fa00_0;  1 drivers
E_0x56323f54a630 .event posedge, v0x56323f55f620_0;
L_0x56323f55fb00 .part v0x56323f55f3a0_0, 3, 1;
L_0x56323f55fc20 .part v0x56323f55f3a0_0, 0, 1;
    .scope S_0x56323f54bcd0;
T_0 ;
    %wait E_0x56323f54a630;
    %load/vec4 v0x56323f55f730_0;
    %flag_set/vec4 8;
    %jmp/0xz  T_0.0, 8;
    %pushi/vec4 1, 0, 1;
    %ix/load 4, 3, 0;
    %ix/load 5, 0, 0;
    %flag_set/imm 4, 0;
    %assign/vec4/off/d v0x56323f55f3a0_0, 4, 5;
    %pushi/vec4 0, 0, 3;
    %ix/load 4, 0, 0;
    %ix/load 5, 0, 0;
    %flag_set/imm 4, 0;
    %assign/vec4/off/d v0x56323f55f3a0_0, 4, 5;
    %jmp T_0.1;
T_0.0 ;
    %load/vec4 v0x56323f54bf20_0;
    %load/vec4 v0x56323f55f3a0_0;
    %parti/s 3, 1, 2;
    %concat/vec4; draw_concat_vec4
    %assign/vec4 v0x56323f55f3a0_0, 0;
T_0.1 ;
    %jmp T_0;
    .thread T_0;
    .scope S_0x56323f54bb40;
T_1 ;
    %delay 5000, 0;
    %load/vec4 v0x56323f55f930_0;
    %inv;
    %store/vec4 v0x56323f55f930_0, 0, 1;
    %jmp T_1;
    .thread T_1;
    .scope S_0x56323f54bb40;
T_2 ;
    %vpi_call 2 20 "$dumpfile", "lfsr.vcd" {0 0 0};
    %vpi_call 2 21 "$dumpvars", 32'sb00000000000000000000000000000001 {0 0 0};
    %vpi_call 2 22 "$monitor", "Time=%0t, rst=%b, clk=%b, Q=%b", $time, v0x56323f55fa00_0, v0x56323f55f930_0, v0x56323f55f870_0 {0 0 0};
    %pushi/vec4 0, 0, 1;
    %store/vec4 v0x56323f55f930_0, 0, 1;
    %pushi/vec4 1, 0, 1;
    %store/vec4 v0x56323f55fa00_0, 0, 1;
    %delay 20000, 0;
    %pushi/vec4 0, 0, 1;
    %store/vec4 v0x56323f55fa00_0, 0, 1;
    %delay 200000, 0;
    %vpi_call 2 28 "$finish" {0 0 0};
    %end;
    .thread T_2;
# The file index is used to find the file name in the following table.
:file_names 4;
    "N/A";
    "<interactive>";
    "LFSR_tb.v";
    "./LFSR.v";
