#! /usr/bin/vvp
:ivl_version "12.0 (stable)";
:ivl_delay_selection "TYPICAL";
:vpi_time_precision - 12;
:vpi_module "/usr/lib/x86_64-linux-gnu/ivl/system.vpi";
:vpi_module "/usr/lib/x86_64-linux-gnu/ivl/vhdl_sys.vpi";
:vpi_module "/usr/lib/x86_64-linux-gnu/ivl/vhdl_textio.vpi";
:vpi_module "/usr/lib/x86_64-linux-gnu/ivl/v2005_math.vpi";
:vpi_module "/usr/lib/x86_64-linux-gnu/ivl/va_math.vpi";
S_0x56033cbab520 .scope module, "carry_look_ahead_adder_tb" "carry_look_ahead_adder_tb" 2 4;
 .timescale -9 -12;
v0x56033cbe4c10_0 .var "a", 3 0;
v0x56033cbe4cf0_0 .var "b", 3 0;
v0x56033cbe4d90_0 .var "cin", 0 0;
v0x56033cbe4e60_0 .net "cout", 0 0, L_0x56033cbed240;  1 drivers
v0x56033cbe4f00_0 .net "sum", 3 0, L_0x56033cbe7b40;  1 drivers
S_0x56033cb92410 .scope module, "uut" "carry_look_ahead_adder" 2 16, 3 14 0, S_0x56033cbab520;
 .timescale -9 -12;
    .port_info 0 /INPUT 4 "a";
    .port_info 1 /INPUT 4 "b";
    .port_info 2 /INPUT 1 "cin";
    .port_info 3 /OUTPUT 1 "cout";
    .port_info 4 /OUTPUT 4 "sum";
L_0x56033cbe7c30 .functor BUFZ 1, v0x56033cbe4d90_0, C4<0>, C4<0>, C4<0>;
L_0x56033cbe8700 .functor AND 1, L_0x56033cbe8440, L_0x56033cbe8530, C4<1>, C4<1>;
L_0x56033cbe87c0 .functor OR 1, L_0x56033cbe82c0, L_0x56033cbe8700, C4<0>, C4<0>;
L_0x56033cbe8ac0 .functor AND 1, L_0x56033cbe8970, L_0x56033cbe8660, C4<1>, C4<1>;
L_0x56033cbe8b80 .functor OR 1, L_0x56033cbe88d0, L_0x56033cbe8ac0, C4<0>, C4<0>;
L_0x56033cbe8f20 .functor AND 1, L_0x56033cbe8c90, L_0x56033cbe8e80, C4<1>, C4<1>;
L_0x56033cbe9190 .functor AND 1, L_0x56033cbe8f20, L_0x56033cbe9020, C4<1>, C4<1>;
L_0x56033cbe92a0 .functor OR 1, L_0x56033cbe8b80, L_0x56033cbe9190, C4<0>, C4<0>;
L_0x56033cbe9940 .functor AND 1, L_0x56033cbe9710, L_0x56033cbe97b0, C4<1>, C4<1>;
L_0x56033cbe9a50 .functor OR 1, L_0x56033cbe9590, L_0x56033cbe9940, C4<0>, C4<0>;
L_0x56033cbe9e00 .functor AND 1, L_0x56033cbe9bc0, L_0x56033cbe9c60, C4<1>, C4<1>;
L_0x56033cbe9f60 .functor AND 1, L_0x56033cbe9e00, L_0x56033cbe9ec0, C4<1>, C4<1>;
L_0x56033cbea0e0 .functor OR 1, L_0x56033cbe9a50, L_0x56033cbe9f60, C4<0>, C4<0>;
L_0x56033cbea440 .functor AND 1, L_0x56033cbea1f0, L_0x56033cbea3a0, C4<1>, C4<1>;
L_0x56033cbea070 .functor AND 1, L_0x56033cbea440, L_0x56033cbea5d0, C4<1>, C4<1>;
L_0x56033cbea8d0 .functor AND 1, L_0x56033cbea070, L_0x56033cbea830, C4<1>, C4<1>;
L_0x56033cbeaa70 .functor OR 1, L_0x56033cbea0e0, L_0x56033cbea8d0, C4<0>, C4<0>;
L_0x56033cbea710 .functor AND 1, L_0x56033cbea670, L_0x56033cbeada0, C4<1>, C4<1>;
L_0x56033cbeb0c0 .functor OR 1, L_0x56033cbeabd0, L_0x56033cbea710, C4<0>, C4<0>;
L_0x56033cbeb460 .functor AND 1, L_0x56033cbeb1d0, L_0x56033cbeb270, C4<1>, C4<1>;
L_0x56033cbeb620 .functor AND 1, L_0x56033cbeb460, L_0x56033cbeb020, C4<1>, C4<1>;
L_0x56033cbeb730 .functor OR 1, L_0x56033cbeb0c0, L_0x56033cbeb620, C4<0>, C4<0>;
L_0x56033cbebba0 .functor AND 1, L_0x56033cbeb900, L_0x56033cbebb00, C4<1>, C4<1>;
L_0x56033cbebec0 .functor AND 1, L_0x56033cbebba0, L_0x56033cbebcb0, C4<1>, C4<1>;
L_0x56033cbec140 .functor AND 1, L_0x56033cbebec0, L_0x56033cbec0a0, C4<1>, C4<1>;
L_0x56033cbec250 .functor OR 1, L_0x56033cbeb730, L_0x56033cbec140, C4<0>, C4<0>;
L_0x56033cbec700 .functor AND 1, L_0x56033cbec440, L_0x56033cbec660, C4<1>, C4<1>;
L_0x56033cbeca40 .functor AND 1, L_0x56033cbec700, L_0x56033cbec810, C4<1>, C4<1>;
L_0x56033cbecce0 .functor AND 1, L_0x56033cbeca40, L_0x56033cbecc40, C4<1>, C4<1>;
L_0x56033cbed030 .functor AND 1, L_0x56033cbecce0, L_0x56033cbecdf0, C4<1>, C4<1>;
L_0x56033cbed240 .functor OR 1, L_0x56033cbec250, L_0x56033cbed030, C4<0>, C4<0>;
v0x56033cbe0560_0 .net *"_ivl_102", 0 0, L_0x56033cbe9590;  1 drivers
v0x56033cbe0660_0 .net *"_ivl_104", 0 0, L_0x56033cbe9710;  1 drivers
v0x56033cbe0740_0 .net *"_ivl_106", 0 0, L_0x56033cbe97b0;  1 drivers
v0x56033cbe0800_0 .net *"_ivl_107", 0 0, L_0x56033cbe9940;  1 drivers
v0x56033cbe08e0_0 .net *"_ivl_109", 0 0, L_0x56033cbe9a50;  1 drivers
v0x56033cbe09c0_0 .net *"_ivl_112", 0 0, L_0x56033cbe9bc0;  1 drivers
v0x56033cbe0aa0_0 .net *"_ivl_114", 0 0, L_0x56033cbe9c60;  1 drivers
v0x56033cbe0b80_0 .net *"_ivl_115", 0 0, L_0x56033cbe9e00;  1 drivers
v0x56033cbe0c60_0 .net *"_ivl_118", 0 0, L_0x56033cbe9ec0;  1 drivers
v0x56033cbe0dd0_0 .net *"_ivl_119", 0 0, L_0x56033cbe9f60;  1 drivers
v0x56033cbe0eb0_0 .net *"_ivl_121", 0 0, L_0x56033cbea0e0;  1 drivers
v0x56033cbe0f90_0 .net *"_ivl_124", 0 0, L_0x56033cbea1f0;  1 drivers
v0x56033cbe1070_0 .net *"_ivl_126", 0 0, L_0x56033cbea3a0;  1 drivers
v0x56033cbe1150_0 .net *"_ivl_127", 0 0, L_0x56033cbea440;  1 drivers
v0x56033cbe1230_0 .net *"_ivl_130", 0 0, L_0x56033cbea5d0;  1 drivers
v0x56033cbe1310_0 .net *"_ivl_131", 0 0, L_0x56033cbea070;  1 drivers
v0x56033cbe13f0_0 .net *"_ivl_134", 0 0, L_0x56033cbea830;  1 drivers
v0x56033cbe14d0_0 .net *"_ivl_135", 0 0, L_0x56033cbea8d0;  1 drivers
v0x56033cbe15b0_0 .net *"_ivl_137", 0 0, L_0x56033cbeaa70;  1 drivers
v0x56033cbe1690_0 .net *"_ivl_140", 0 0, L_0x56033cbeabd0;  1 drivers
v0x56033cbe1770_0 .net *"_ivl_142", 0 0, L_0x56033cbea670;  1 drivers
v0x56033cbe1850_0 .net *"_ivl_144", 0 0, L_0x56033cbeada0;  1 drivers
v0x56033cbe1930_0 .net *"_ivl_145", 0 0, L_0x56033cbea710;  1 drivers
v0x56033cbe1a10_0 .net *"_ivl_147", 0 0, L_0x56033cbeb0c0;  1 drivers
v0x56033cbe1af0_0 .net *"_ivl_150", 0 0, L_0x56033cbeb1d0;  1 drivers
v0x56033cbe1bd0_0 .net *"_ivl_152", 0 0, L_0x56033cbeb270;  1 drivers
v0x56033cbe1cb0_0 .net *"_ivl_153", 0 0, L_0x56033cbeb460;  1 drivers
v0x56033cbe1d90_0 .net *"_ivl_156", 0 0, L_0x56033cbeb020;  1 drivers
v0x56033cbe1e70_0 .net *"_ivl_157", 0 0, L_0x56033cbeb620;  1 drivers
v0x56033cbe1f50_0 .net *"_ivl_159", 0 0, L_0x56033cbeb730;  1 drivers
v0x56033cbe2030_0 .net *"_ivl_162", 0 0, L_0x56033cbeb900;  1 drivers
v0x56033cbe2110_0 .net *"_ivl_164", 0 0, L_0x56033cbebb00;  1 drivers
v0x56033cbe21f0_0 .net *"_ivl_165", 0 0, L_0x56033cbebba0;  1 drivers
v0x56033cbe24e0_0 .net *"_ivl_168", 0 0, L_0x56033cbebcb0;  1 drivers
v0x56033cbe25c0_0 .net *"_ivl_169", 0 0, L_0x56033cbebec0;  1 drivers
v0x56033cbe26a0_0 .net *"_ivl_172", 0 0, L_0x56033cbec0a0;  1 drivers
v0x56033cbe2780_0 .net *"_ivl_173", 0 0, L_0x56033cbec140;  1 drivers
v0x56033cbe2860_0 .net *"_ivl_175", 0 0, L_0x56033cbec250;  1 drivers
v0x56033cbe2940_0 .net *"_ivl_178", 0 0, L_0x56033cbec440;  1 drivers
v0x56033cbe2a20_0 .net *"_ivl_180", 0 0, L_0x56033cbec660;  1 drivers
v0x56033cbe2b00_0 .net *"_ivl_181", 0 0, L_0x56033cbec700;  1 drivers
v0x56033cbe2be0_0 .net *"_ivl_184", 0 0, L_0x56033cbec810;  1 drivers
v0x56033cbe2cc0_0 .net *"_ivl_185", 0 0, L_0x56033cbeca40;  1 drivers
v0x56033cbe2da0_0 .net *"_ivl_188", 0 0, L_0x56033cbecc40;  1 drivers
v0x56033cbe2e80_0 .net *"_ivl_189", 0 0, L_0x56033cbecce0;  1 drivers
v0x56033cbe2f60_0 .net *"_ivl_192", 0 0, L_0x56033cbecdf0;  1 drivers
v0x56033cbe3040_0 .net *"_ivl_193", 0 0, L_0x56033cbed030;  1 drivers
v0x56033cbe3120_0 .net *"_ivl_61", 0 0, L_0x56033cbe7c30;  1 drivers
v0x56033cbe3200_0 .net *"_ivl_65", 0 0, L_0x56033cbe82c0;  1 drivers
v0x56033cbe32e0_0 .net *"_ivl_67", 0 0, L_0x56033cbe8440;  1 drivers
v0x56033cbe33c0_0 .net *"_ivl_69", 0 0, L_0x56033cbe8530;  1 drivers
v0x56033cbe34a0_0 .net *"_ivl_70", 0 0, L_0x56033cbe8700;  1 drivers
v0x56033cbe3580_0 .net *"_ivl_72", 0 0, L_0x56033cbe87c0;  1 drivers
v0x56033cbe3660_0 .net *"_ivl_77", 0 0, L_0x56033cbe88d0;  1 drivers
v0x56033cbe3740_0 .net *"_ivl_79", 0 0, L_0x56033cbe8970;  1 drivers
v0x56033cbe3820_0 .net *"_ivl_81", 0 0, L_0x56033cbe8660;  1 drivers
v0x56033cbe3900_0 .net *"_ivl_82", 0 0, L_0x56033cbe8ac0;  1 drivers
v0x56033cbe39e0_0 .net *"_ivl_84", 0 0, L_0x56033cbe8b80;  1 drivers
v0x56033cbe3ac0_0 .net *"_ivl_87", 0 0, L_0x56033cbe8c90;  1 drivers
v0x56033cbe3ba0_0 .net *"_ivl_89", 0 0, L_0x56033cbe8e80;  1 drivers
v0x56033cbe3c80_0 .net *"_ivl_90", 0 0, L_0x56033cbe8f20;  1 drivers
v0x56033cbe3d60_0 .net *"_ivl_93", 0 0, L_0x56033cbe9020;  1 drivers
v0x56033cbe3e40_0 .net *"_ivl_94", 0 0, L_0x56033cbe9190;  1 drivers
v0x56033cbe3f20_0 .net *"_ivl_96", 0 0, L_0x56033cbe92a0;  1 drivers
v0x56033cbe4000_0 .net "a", 3 0, v0x56033cbe4c10_0;  1 drivers
v0x56033cbe44f0_0 .net "b", 3 0, v0x56033cbe4cf0_0;  1 drivers
v0x56033cbe45d0_0 .net "c", 3 0, L_0x56033cbe9400;  1 drivers
v0x56033cbe46b0_0 .net "cin", 0 0, v0x56033cbe4d90_0;  1 drivers
v0x56033cbe4750_0 .net "co", 3 0, L_0x56033cbe7ca0;  1 drivers
v0x56033cbe4810_0 .net "cout", 0 0, L_0x56033cbed240;  alias, 1 drivers
v0x56033cbe48d0_0 .net "g", 3 0, L_0x56033cbe80e0;  1 drivers
v0x56033cbe49b0_0 .net "p", 3 0, L_0x56033cbe7e80;  1 drivers
v0x56033cbe4a90_0 .net "sum", 3 0, L_0x56033cbe7b40;  alias, 1 drivers
L_0x56033cbe5860 .part v0x56033cbe4c10_0, 0, 1;
L_0x56033cbe5900 .part v0x56033cbe4cf0_0, 0, 1;
L_0x56033cbe6250 .part v0x56033cbe4c10_0, 1, 1;
L_0x56033cbe62f0 .part v0x56033cbe4cf0_0, 1, 1;
L_0x56033cbe63c0 .part L_0x56033cbe9400, 1, 1;
L_0x56033cbe6d10 .part v0x56033cbe4c10_0, 2, 1;
L_0x56033cbe6e80 .part v0x56033cbe4cf0_0, 2, 1;
L_0x56033cbe6fb0 .part L_0x56033cbe9400, 2, 1;
L_0x56033cbe7870 .part v0x56033cbe4c10_0, 3, 1;
L_0x56033cbe7910 .part v0x56033cbe4cf0_0, 3, 1;
L_0x56033cbe7a10 .part L_0x56033cbe9400, 3, 1;
L_0x56033cbe7b40 .concat8 [ 1 1 1 1], L_0x56033cbe50f0, L_0x56033cbe5a10, L_0x56033cbe65c0, L_0x56033cbe71a0;
L_0x56033cbe7ca0 .concat8 [ 1 1 1 1], L_0x56033cbe5500, L_0x56033cbe5ef0, L_0x56033cbe69b0, L_0x56033cbe7510;
L_0x56033cbe7e80 .concat8 [ 1 1 1 1], L_0x56033cbe5610, L_0x56033cbe6000, L_0x56033cbe6ac0, L_0x56033cbe7620;
L_0x56033cbe80e0 .concat8 [ 1 1 1 1], L_0x56033cbe57f0, L_0x56033cbe61e0, L_0x56033cbe6ca0, L_0x56033cbe7800;
L_0x56033cbe82c0 .part L_0x56033cbe80e0, 0, 1;
L_0x56033cbe8440 .part L_0x56033cbe7e80, 0, 1;
L_0x56033cbe8530 .part L_0x56033cbe9400, 0, 1;
L_0x56033cbe88d0 .part L_0x56033cbe80e0, 1, 1;
L_0x56033cbe8970 .part L_0x56033cbe7e80, 1, 1;
L_0x56033cbe8660 .part L_0x56033cbe80e0, 0, 1;
L_0x56033cbe8c90 .part L_0x56033cbe7e80, 1, 1;
L_0x56033cbe8e80 .part L_0x56033cbe7e80, 0, 1;
L_0x56033cbe9020 .part L_0x56033cbe9400, 0, 1;
L_0x56033cbe9400 .concat8 [ 1 1 1 1], L_0x56033cbe7c30, L_0x56033cbe87c0, L_0x56033cbe92a0, L_0x56033cbeaa70;
L_0x56033cbe9590 .part L_0x56033cbe80e0, 2, 1;
L_0x56033cbe9710 .part L_0x56033cbe7e80, 2, 1;
L_0x56033cbe97b0 .part L_0x56033cbe80e0, 1, 1;
L_0x56033cbe9bc0 .part L_0x56033cbe7e80, 2, 1;
L_0x56033cbe9c60 .part L_0x56033cbe7e80, 1, 1;
L_0x56033cbe9ec0 .part L_0x56033cbe80e0, 0, 1;
L_0x56033cbea1f0 .part L_0x56033cbe7e80, 2, 1;
L_0x56033cbea3a0 .part L_0x56033cbe7e80, 1, 1;
L_0x56033cbea5d0 .part L_0x56033cbe7e80, 0, 1;
L_0x56033cbea830 .part L_0x56033cbe9400, 0, 1;
L_0x56033cbeabd0 .part L_0x56033cbe80e0, 3, 1;
L_0x56033cbea670 .part L_0x56033cbe7e80, 3, 1;
L_0x56033cbeada0 .part L_0x56033cbe80e0, 2, 1;
L_0x56033cbeb1d0 .part L_0x56033cbe7e80, 3, 1;
L_0x56033cbeb270 .part L_0x56033cbe7e80, 2, 1;
L_0x56033cbeb020 .part L_0x56033cbe80e0, 1, 1;
L_0x56033cbeb900 .part L_0x56033cbe7e80, 3, 1;
L_0x56033cbebb00 .part L_0x56033cbe7e80, 2, 1;
L_0x56033cbebcb0 .part L_0x56033cbe7e80, 1, 1;
L_0x56033cbec0a0 .part L_0x56033cbe80e0, 0, 1;
L_0x56033cbec440 .part L_0x56033cbe7e80, 3, 1;
L_0x56033cbec660 .part L_0x56033cbe7e80, 2, 1;
L_0x56033cbec810 .part L_0x56033cbe7e80, 1, 1;
L_0x56033cbecc40 .part L_0x56033cbe7e80, 0, 1;
L_0x56033cbecdf0 .part L_0x56033cbe9400, 0, 1;
S_0x56033cb8e4d0 .scope module, "m1" "full_adder" 3 22, 3 1 0, S_0x56033cb92410;
 .timescale -9 -12;
    .port_info 0 /INPUT 1 "a";
    .port_info 1 /INPUT 1 "b";
    .port_info 2 /INPUT 1 "cin";
    .port_info 3 /OUTPUT 1 "sum";
    .port_info 4 /OUTPUT 1 "cout";
    .port_info 5 /OUTPUT 1 "p";
    .port_info 6 /OUTPUT 1 "g";
L_0x56033cbe4ff0 .functor XOR 1, L_0x56033cbe5860, L_0x56033cbe5900, C4<0>, C4<0>;
L_0x56033cbe50f0 .functor XOR 1, L_0x56033cbe4ff0, v0x56033cbe4d90_0, C4<0>, C4<0>;
L_0x56033cbe51e0 .functor AND 1, L_0x56033cbe5860, L_0x56033cbe5900, C4<1>, C4<1>;
L_0x56033cbe52f0 .functor AND 1, L_0x56033cbe5860, v0x56033cbe4d90_0, C4<1>, C4<1>;
L_0x56033cbe5390 .functor OR 1, L_0x56033cbe51e0, L_0x56033cbe52f0, C4<0>, C4<0>;
L_0x56033cbe5450 .functor AND 1, L_0x56033cbe5900, v0x56033cbe4d90_0, C4<1>, C4<1>;
L_0x56033cbe5500 .functor OR 1, L_0x56033cbe5390, L_0x56033cbe5450, C4<0>, C4<0>;
L_0x56033cbe5610 .functor XOR 1, L_0x56033cbe5860, L_0x56033cbe5900, C4<0>, C4<0>;
L_0x56033cbe57f0 .functor AND 1, L_0x56033cbe5860, L_0x56033cbe5900, C4<1>, C4<1>;
v0x56033cb92990_0 .net *"_ivl_0", 0 0, L_0x56033cbe4ff0;  1 drivers
v0x56033cbdd360_0 .net *"_ivl_10", 0 0, L_0x56033cbe5450;  1 drivers
v0x56033cbdd440_0 .net *"_ivl_4", 0 0, L_0x56033cbe51e0;  1 drivers
v0x56033cbdd500_0 .net *"_ivl_6", 0 0, L_0x56033cbe52f0;  1 drivers
v0x56033cbdd5e0_0 .net *"_ivl_8", 0 0, L_0x56033cbe5390;  1 drivers
v0x56033cbdd710_0 .net "a", 0 0, L_0x56033cbe5860;  1 drivers
v0x56033cbdd7d0_0 .net "b", 0 0, L_0x56033cbe5900;  1 drivers
v0x56033cbdd890_0 .net "cin", 0 0, v0x56033cbe4d90_0;  alias, 1 drivers
v0x56033cbdd950_0 .net "cout", 0 0, L_0x56033cbe5500;  1 drivers
v0x56033cbdda10_0 .net "g", 0 0, L_0x56033cbe57f0;  1 drivers
v0x56033cbddad0_0 .net "p", 0 0, L_0x56033cbe5610;  1 drivers
v0x56033cbddb90_0 .net "sum", 0 0, L_0x56033cbe50f0;  1 drivers
S_0x56033cbddd30 .scope module, "m2" "full_adder" 3 23, 3 1 0, S_0x56033cb92410;
 .timescale -9 -12;
    .port_info 0 /INPUT 1 "a";
    .port_info 1 /INPUT 1 "b";
    .port_info 2 /INPUT 1 "cin";
    .port_info 3 /OUTPUT 1 "sum";
    .port_info 4 /OUTPUT 1 "cout";
    .port_info 5 /OUTPUT 1 "p";
    .port_info 6 /OUTPUT 1 "g";
L_0x56033cbe59a0 .functor XOR 1, L_0x56033cbe6250, L_0x56033cbe62f0, C4<0>, C4<0>;
L_0x56033cbe5a10 .functor XOR 1, L_0x56033cbe59a0, L_0x56033cbe63c0, C4<0>, C4<0>;
L_0x56033cbe5b00 .functor AND 1, L_0x56033cbe6250, L_0x56033cbe62f0, C4<1>, C4<1>;
L_0x56033cbe5c40 .functor AND 1, L_0x56033cbe6250, L_0x56033cbe63c0, C4<1>, C4<1>;
L_0x56033cbe5d30 .functor OR 1, L_0x56033cbe5b00, L_0x56033cbe5c40, C4<0>, C4<0>;
L_0x56033cbe5e40 .functor AND 1, L_0x56033cbe62f0, L_0x56033cbe63c0, C4<1>, C4<1>;
L_0x56033cbe5ef0 .functor OR 1, L_0x56033cbe5d30, L_0x56033cbe5e40, C4<0>, C4<0>;
L_0x56033cbe6000 .functor XOR 1, L_0x56033cbe6250, L_0x56033cbe62f0, C4<0>, C4<0>;
L_0x56033cbe61e0 .functor AND 1, L_0x56033cbe6250, L_0x56033cbe62f0, C4<1>, C4<1>;
v0x56033cbddf90_0 .net *"_ivl_0", 0 0, L_0x56033cbe59a0;  1 drivers
v0x56033cbde070_0 .net *"_ivl_10", 0 0, L_0x56033cbe5e40;  1 drivers
v0x56033cbde150_0 .net *"_ivl_4", 0 0, L_0x56033cbe5b00;  1 drivers
v0x56033cbde210_0 .net *"_ivl_6", 0 0, L_0x56033cbe5c40;  1 drivers
v0x56033cbde2f0_0 .net *"_ivl_8", 0 0, L_0x56033cbe5d30;  1 drivers
v0x56033cbde420_0 .net "a", 0 0, L_0x56033cbe6250;  1 drivers
v0x56033cbde4e0_0 .net "b", 0 0, L_0x56033cbe62f0;  1 drivers
v0x56033cbde5a0_0 .net "cin", 0 0, L_0x56033cbe63c0;  1 drivers
v0x56033cbde660_0 .net "cout", 0 0, L_0x56033cbe5ef0;  1 drivers
v0x56033cbde720_0 .net "g", 0 0, L_0x56033cbe61e0;  1 drivers
v0x56033cbde7e0_0 .net "p", 0 0, L_0x56033cbe6000;  1 drivers
v0x56033cbde8a0_0 .net "sum", 0 0, L_0x56033cbe5a10;  1 drivers
S_0x56033cbdea40 .scope module, "m3" "full_adder" 3 24, 3 1 0, S_0x56033cb92410;
 .timescale -9 -12;
    .port_info 0 /INPUT 1 "a";
    .port_info 1 /INPUT 1 "b";
    .port_info 2 /INPUT 1 "cin";
    .port_info 3 /OUTPUT 1 "sum";
    .port_info 4 /OUTPUT 1 "cout";
    .port_info 5 /OUTPUT 1 "p";
    .port_info 6 /OUTPUT 1 "g";
L_0x56033cbe64f0 .functor XOR 1, L_0x56033cbe6d10, L_0x56033cbe6e80, C4<0>, C4<0>;
L_0x56033cbe65c0 .functor XOR 1, L_0x56033cbe64f0, L_0x56033cbe6fb0, C4<0>, C4<0>;
L_0x56033cbe6660 .functor AND 1, L_0x56033cbe6d10, L_0x56033cbe6e80, C4<1>, C4<1>;
L_0x56033cbe6700 .functor AND 1, L_0x56033cbe6d10, L_0x56033cbe6fb0, C4<1>, C4<1>;
L_0x56033cbe67f0 .functor OR 1, L_0x56033cbe6660, L_0x56033cbe6700, C4<0>, C4<0>;
L_0x56033cbe6900 .functor AND 1, L_0x56033cbe6e80, L_0x56033cbe6fb0, C4<1>, C4<1>;
L_0x56033cbe69b0 .functor OR 1, L_0x56033cbe67f0, L_0x56033cbe6900, C4<0>, C4<0>;
L_0x56033cbe6ac0 .functor XOR 1, L_0x56033cbe6d10, L_0x56033cbe6e80, C4<0>, C4<0>;
L_0x56033cbe6ca0 .functor AND 1, L_0x56033cbe6d10, L_0x56033cbe6e80, C4<1>, C4<1>;
v0x56033cbdec80_0 .net *"_ivl_0", 0 0, L_0x56033cbe64f0;  1 drivers
v0x56033cbded60_0 .net *"_ivl_10", 0 0, L_0x56033cbe6900;  1 drivers
v0x56033cbdee40_0 .net *"_ivl_4", 0 0, L_0x56033cbe6660;  1 drivers
v0x56033cbdef00_0 .net *"_ivl_6", 0 0, L_0x56033cbe6700;  1 drivers
v0x56033cbdefe0_0 .net *"_ivl_8", 0 0, L_0x56033cbe67f0;  1 drivers
v0x56033cbdf110_0 .net "a", 0 0, L_0x56033cbe6d10;  1 drivers
v0x56033cbdf1d0_0 .net "b", 0 0, L_0x56033cbe6e80;  1 drivers
v0x56033cbdf290_0 .net "cin", 0 0, L_0x56033cbe6fb0;  1 drivers
v0x56033cbdf350_0 .net "cout", 0 0, L_0x56033cbe69b0;  1 drivers
v0x56033cbdf4a0_0 .net "g", 0 0, L_0x56033cbe6ca0;  1 drivers
v0x56033cbdf560_0 .net "p", 0 0, L_0x56033cbe6ac0;  1 drivers
v0x56033cbdf620_0 .net "sum", 0 0, L_0x56033cbe65c0;  1 drivers
S_0x56033cbdf7c0 .scope module, "m4" "full_adder" 3 25, 3 1 0, S_0x56033cb92410;
 .timescale -9 -12;
    .port_info 0 /INPUT 1 "a";
    .port_info 1 /INPUT 1 "b";
    .port_info 2 /INPUT 1 "cin";
    .port_info 3 /OUTPUT 1 "sum";
    .port_info 4 /OUTPUT 1 "cout";
    .port_info 5 /OUTPUT 1 "p";
    .port_info 6 /OUTPUT 1 "g";
L_0x56033cbe7130 .functor XOR 1, L_0x56033cbe7870, L_0x56033cbe7910, C4<0>, C4<0>;
L_0x56033cbe71a0 .functor XOR 1, L_0x56033cbe7130, L_0x56033cbe7a10, C4<0>, C4<0>;
L_0x56033cbe7210 .functor AND 1, L_0x56033cbe7870, L_0x56033cbe7910, C4<1>, C4<1>;
L_0x56033cbe72b0 .functor AND 1, L_0x56033cbe7870, L_0x56033cbe7a10, C4<1>, C4<1>;
L_0x56033cbe7350 .functor OR 1, L_0x56033cbe7210, L_0x56033cbe72b0, C4<0>, C4<0>;
L_0x56033cbe7460 .functor AND 1, L_0x56033cbe7910, L_0x56033cbe7a10, C4<1>, C4<1>;
L_0x56033cbe7510 .functor OR 1, L_0x56033cbe7350, L_0x56033cbe7460, C4<0>, C4<0>;
L_0x56033cbe7620 .functor XOR 1, L_0x56033cbe7870, L_0x56033cbe7910, C4<0>, C4<0>;
L_0x56033cbe7800 .functor AND 1, L_0x56033cbe7870, L_0x56033cbe7910, C4<1>, C4<1>;
v0x56033cbdfa00_0 .net *"_ivl_0", 0 0, L_0x56033cbe7130;  1 drivers
v0x56033cbdfb00_0 .net *"_ivl_10", 0 0, L_0x56033cbe7460;  1 drivers
v0x56033cbdfbe0_0 .net *"_ivl_4", 0 0, L_0x56033cbe7210;  1 drivers
v0x56033cbdfca0_0 .net *"_ivl_6", 0 0, L_0x56033cbe72b0;  1 drivers
v0x56033cbdfd80_0 .net *"_ivl_8", 0 0, L_0x56033cbe7350;  1 drivers
v0x56033cbdfeb0_0 .net "a", 0 0, L_0x56033cbe7870;  1 drivers
v0x56033cbdff70_0 .net "b", 0 0, L_0x56033cbe7910;  1 drivers
v0x56033cbe0030_0 .net "cin", 0 0, L_0x56033cbe7a10;  1 drivers
v0x56033cbe00f0_0 .net "cout", 0 0, L_0x56033cbe7510;  1 drivers
v0x56033cbe0240_0 .net "g", 0 0, L_0x56033cbe7800;  1 drivers
v0x56033cbe0300_0 .net "p", 0 0, L_0x56033cbe7620;  1 drivers
v0x56033cbe03c0_0 .net "sum", 0 0, L_0x56033cbe71a0;  1 drivers
    .scope S_0x56033cbab520;
T_0 ;
    %pushi/vec4 0, 0, 4;
    %store/vec4 v0x56033cbe4c10_0, 0, 4;
    %pushi/vec4 0, 0, 4;
    %store/vec4 v0x56033cbe4cf0_0, 0, 4;
    %pushi/vec4 0, 0, 1;
    %store/vec4 v0x56033cbe4d90_0, 0, 1;
    %vpi_call 2 31 "$display", "Test Case 1: a=0000, b=0000, cin=0" {0 0 0};
    %delay 10000, 0;
    %vpi_call 2 33 "$display", "a=%b, b=%b, cin=%b, sum=%b, cout=%b", v0x56033cbe4c10_0, v0x56033cbe4cf0_0, v0x56033cbe4d90_0, v0x56033cbe4f00_0, v0x56033cbe4e60_0 {0 0 0};
    %pushi/vec4 1, 0, 4;
    %store/vec4 v0x56033cbe4c10_0, 0, 4;
    %pushi/vec4 2, 0, 4;
    %store/vec4 v0x56033cbe4cf0_0, 0, 4;
    %pushi/vec4 0, 0, 1;
    %store/vec4 v0x56033cbe4d90_0, 0, 1;
    %vpi_call 2 38 "$display", "Test Case 2: a=0001, b=0010, cin=0" {0 0 0};
    %delay 10000, 0;
    %vpi_call 2 40 "$display", "a=%b, b=%b, cin=%b, sum=%b, cout=%b", v0x56033cbe4c10_0, v0x56033cbe4cf0_0, v0x56033cbe4d90_0, v0x56033cbe4f00_0, v0x56033cbe4e60_0 {0 0 0};
    %pushi/vec4 15, 0, 4;
    %store/vec4 v0x56033cbe4c10_0, 0, 4;
    %pushi/vec4 1, 0, 4;
    %store/vec4 v0x56033cbe4cf0_0, 0, 4;
    %pushi/vec4 0, 0, 1;
    %store/vec4 v0x56033cbe4d90_0, 0, 1;
    %vpi_call 2 45 "$display", "Test Case 3: a=1111, b=0001, cin=0" {0 0 0};
    %delay 10000, 0;
    %vpi_call 2 47 "$display", "a=%b, b=%b, cin=%b, sum=%b, cout=%b", v0x56033cbe4c10_0, v0x56033cbe4cf0_0, v0x56033cbe4d90_0, v0x56033cbe4f00_0, v0x56033cbe4e60_0 {0 0 0};
    %pushi/vec4 10, 0, 4;
    %store/vec4 v0x56033cbe4c10_0, 0, 4;
    %pushi/vec4 5, 0, 4;
    %store/vec4 v0x56033cbe4cf0_0, 0, 4;
    %pushi/vec4 1, 0, 1;
    %store/vec4 v0x56033cbe4d90_0, 0, 1;
    %vpi_call 2 52 "$display", "Test Case 4: a=1010, b=0101, cin=1" {0 0 0};
    %delay 10000, 0;
    %vpi_call 2 54 "$display", "a=%b, b=%b, cin=%b, sum=%b, cout=%b", v0x56033cbe4c10_0, v0x56033cbe4cf0_0, v0x56033cbe4d90_0, v0x56033cbe4f00_0, v0x56033cbe4e60_0 {0 0 0};
    %pushi/vec4 15, 0, 4;
    %store/vec4 v0x56033cbe4c10_0, 0, 4;
    %pushi/vec4 15, 0, 4;
    %store/vec4 v0x56033cbe4cf0_0, 0, 4;
    %pushi/vec4 1, 0, 1;
    %store/vec4 v0x56033cbe4d90_0, 0, 1;
    %vpi_call 2 59 "$display", "Test Case 5: a=1111, b=1111, cin=1" {0 0 0};
    %delay 10000, 0;
    %vpi_call 2 61 "$display", "a=%b, b=%b, cin=%b, sum=%b, cout=%b", v0x56033cbe4c10_0, v0x56033cbe4cf0_0, v0x56033cbe4d90_0, v0x56033cbe4f00_0, v0x56033cbe4e60_0 {0 0 0};
    %vpi_call 2 64 "$finish" {0 0 0};
    %end;
    .thread T_0;
# The file index is used to find the file name in the following table.
:file_names 4;
    "N/A";
    "<interactive>";
    "carry_look_ahead_adder_tb.v";
    "./carry_look_ahead_adder.v";
