#! /usr/bin/vvp
:ivl_version "12.0 (stable)";
:ivl_delay_selection "TYPICAL";
:vpi_time_precision - 12;
:vpi_module "/usr/lib/x86_64-linux-gnu/ivl/system.vpi";
:vpi_module "/usr/lib/x86_64-linux-gnu/ivl/vhdl_sys.vpi";
:vpi_module "/usr/lib/x86_64-linux-gnu/ivl/vhdl_textio.vpi";
:vpi_module "/usr/lib/x86_64-linux-gnu/ivl/v2005_math.vpi";
:vpi_module "/usr/lib/x86_64-linux-gnu/ivl/va_math.vpi";
S_0x5605b105e6c0 .scope module, "ring_reg_tb" "ring_reg_tb" 2 4;
 .timescale -9 -12;
v0x5605b1084dd0_0 .net "Q", 3 0, v0x5605b1072500_0;  1 drivers
v0x5605b1084ec0_0 .var "clk", 0 0;
v0x5605b1084f90_0 .var "rst", 0 0;
S_0x5605b10722b0 .scope module, "DUT" "ring_reg" 2 9, 3 1 0, S_0x5605b105e6c0;
 .timescale -9 -12;
    .port_info 0 /INPUT 1 "clk";
    .port_info 1 /INPUT 1 "rst";
    .port_info 2 /OUTPUT 4 "Q";
v0x5605b1072500_0 .var "Q", 3 0;
v0x5605b1084bf0_0 .net "clk", 0 0, v0x5605b1084ec0_0;  1 drivers
v0x5605b1084cb0_0 .net "rst", 0 0, v0x5605b1084f90_0;  1 drivers
E_0x5605b1038cc0 .event posedge, v0x5605b1084bf0_0;
    .scope S_0x5605b10722b0;
T_0 ;
    %wait E_0x5605b1038cc0;
    %load/vec4 v0x5605b1084cb0_0;
    %flag_set/vec4 8;
    %jmp/0xz  T_0.0, 8;
    %pushi/vec4 8, 0, 4;
    %assign/vec4 v0x5605b1072500_0, 0;
    %jmp T_0.1;
T_0.0 ;
    %load/vec4 v0x5605b1072500_0;
    %parti/s 1, 0, 2;
    %load/vec4 v0x5605b1072500_0;
    %parti/s 3, 1, 2;
    %concat/vec4; draw_concat_vec4
    %assign/vec4 v0x5605b1072500_0, 0;
T_0.1 ;
    %jmp T_0;
    .thread T_0;
    .scope S_0x5605b105e6c0;
T_1 ;
    %delay 5000, 0;
    %load/vec4 v0x5605b1084ec0_0;
    %inv;
    %store/vec4 v0x5605b1084ec0_0, 0, 1;
    %jmp T_1;
    .thread T_1;
    .scope S_0x5605b105e6c0;
T_2 ;
    %vpi_call 2 20 "$dumpfile", "ring_reg.vcd" {0 0 0};
    %vpi_call 2 21 "$dumpvars", 32'sb00000000000000000000000000000001 {0 0 0};
    %vpi_call 2 22 "$monitor", "Time=%0t, rst=%b, clk=%b, Q=%b", $time, v0x5605b1084f90_0, v0x5605b1084ec0_0, v0x5605b1084dd0_0 {0 0 0};
    %pushi/vec4 0, 0, 1;
    %store/vec4 v0x5605b1084ec0_0, 0, 1;
    %pushi/vec4 1, 0, 1;
    %store/vec4 v0x5605b1084f90_0, 0, 1;
    %delay 20000, 0;
    %pushi/vec4 0, 0, 1;
    %store/vec4 v0x5605b1084f90_0, 0, 1;
    %delay 100000, 0;
    %vpi_call 2 28 "$finish" {0 0 0};
    %end;
    .thread T_2;
# The file index is used to find the file name in the following table.
:file_names 4;
    "N/A";
    "<interactive>";
    "ring_reg_tb.v";
    "./ring_reg.v";
