#! /usr/bin/vvp
:ivl_version "12.0 (stable)";
:ivl_delay_selection "TYPICAL";
:vpi_time_precision - 12;
:vpi_module "/usr/lib/x86_64-linux-gnu/ivl/system.vpi";
:vpi_module "/usr/lib/x86_64-linux-gnu/ivl/vhdl_sys.vpi";
:vpi_module "/usr/lib/x86_64-linux-gnu/ivl/vhdl_textio.vpi";
:vpi_module "/usr/lib/x86_64-linux-gnu/ivl/v2005_math.vpi";
:vpi_module "/usr/lib/x86_64-linux-gnu/ivl/va_math.vpi";
S_0x55f0de4ea5e0 .scope module, "mux4x1_tb" "mux4x1_tb" 2 4;
 .timescale -9 -12;
v0x55f0de504b10_0 .var "i", 3 0;
v0x55f0de504c00_0 .var "sel", 1 0;
v0x55f0de504cd0_0 .net "y", 0 0, L_0x55f0de505760;  1 drivers
S_0x55f0de4ea770 .scope module, "dut" "mux4x1" 2 11, 3 4 0, S_0x55f0de4ea5e0;
 .timescale -9 -12;
    .port_info 0 /INPUT 4 "i";
    .port_info 1 /INPUT 2 "sel";
    .port_info 2 /OUTPUT 1 "y";
v0x55f0de504740_0 .net "i", 3 0, v0x55f0de504b10_0;  1 drivers
v0x55f0de504840_0 .net "sel", 1 0, v0x55f0de504c00_0;  1 drivers
v0x55f0de504920_0 .net "w", 1 0, L_0x55f0de505330;  1 drivers
v0x55f0de5049e0_0 .net "y", 0 0, L_0x55f0de505760;  alias, 1 drivers
L_0x55f0de504f20 .part v0x55f0de504b10_0, 0, 1;
L_0x55f0de505060 .part v0x55f0de504b10_0, 1, 1;
L_0x55f0de505150 .part v0x55f0de504c00_0, 0, 1;
L_0x55f0de505330 .concat8 [ 1 1 0 0], L_0x55f0de504df0, L_0x55f0de505290;
L_0x55f0de5054a0 .part v0x55f0de504b10_0, 2, 1;
L_0x55f0de505590 .part v0x55f0de504b10_0, 3, 1;
L_0x55f0de505670 .part v0x55f0de504c00_0, 0, 1;
L_0x55f0de505800 .part L_0x55f0de505330, 0, 1;
L_0x55f0de505990 .part L_0x55f0de505330, 1, 1;
L_0x55f0de505a80 .part v0x55f0de504c00_0, 1, 1;
S_0x55f0de4ed0e0 .scope module, "m1" "mux2x1" 3 13, 4 1 0, S_0x55f0de4ea770;
 .timescale -9 -12;
    .port_info 0 /OUTPUT 1 "y";
    .port_info 1 /INPUT 1 "a";
    .port_info 2 /INPUT 1 "b";
    .port_info 3 /INPUT 1 "sel";
v0x55f0de4ed2c0_0 .net "a", 0 0, L_0x55f0de504f20;  1 drivers
v0x55f0de503890_0 .net "b", 0 0, L_0x55f0de505060;  1 drivers
v0x55f0de503950_0 .net "sel", 0 0, L_0x55f0de505150;  1 drivers
v0x55f0de5039f0_0 .net "y", 0 0, L_0x55f0de504df0;  1 drivers
L_0x55f0de504df0 .functor MUXZ 1, L_0x55f0de504f20, L_0x55f0de505060, L_0x55f0de505150, C4<>;
S_0x55f0de503b30 .scope module, "m2" "mux2x1" 3 14, 4 1 0, S_0x55f0de4ea770;
 .timescale -9 -12;
    .port_info 0 /OUTPUT 1 "y";
    .port_info 1 /INPUT 1 "a";
    .port_info 2 /INPUT 1 "b";
    .port_info 3 /INPUT 1 "sel";
v0x55f0de503da0_0 .net "a", 0 0, L_0x55f0de5054a0;  1 drivers
v0x55f0de503e60_0 .net "b", 0 0, L_0x55f0de505590;  1 drivers
v0x55f0de503f20_0 .net "sel", 0 0, L_0x55f0de505670;  1 drivers
v0x55f0de503fc0_0 .net "y", 0 0, L_0x55f0de505290;  1 drivers
L_0x55f0de505290 .functor MUXZ 1, L_0x55f0de5054a0, L_0x55f0de505590, L_0x55f0de505670, C4<>;
S_0x55f0de504100 .scope module, "m3" "mux2x1" 3 16, 4 1 0, S_0x55f0de4ea770;
 .timescale -9 -12;
    .port_info 0 /OUTPUT 1 "y";
    .port_info 1 /INPUT 1 "a";
    .port_info 2 /INPUT 1 "b";
    .port_info 3 /INPUT 1 "sel";
v0x55f0de504380_0 .net "a", 0 0, L_0x55f0de505800;  1 drivers
v0x55f0de504440_0 .net "b", 0 0, L_0x55f0de505990;  1 drivers
v0x55f0de504500_0 .net "sel", 0 0, L_0x55f0de505a80;  1 drivers
v0x55f0de5045d0_0 .net "y", 0 0, L_0x55f0de505760;  alias, 1 drivers
L_0x55f0de505760 .functor MUXZ 1, L_0x55f0de505800, L_0x55f0de505990, L_0x55f0de505a80, C4<>;
    .scope S_0x55f0de4ea5e0;
T_0 ;
    %vpi_call 2 14 "$dumpfile", "mux4x1.vcd" {0 0 0};
    %vpi_call 2 15 "$dumpvars", 32'sb00000000000000000000000000000001 {0 0 0};
    %vpi_call 2 16 "$monitor", "i=%b\011sel=%b\011y=%b\011", v0x55f0de504b10_0, v0x55f0de504c00_0, v0x55f0de504cd0_0 {0 0 0};
    %pushi/vec4 0, 0, 4;
    %store/vec4 v0x55f0de504b10_0, 0, 4;
    %pushi/vec4 0, 0, 2;
    %store/vec4 v0x55f0de504c00_0, 0, 2;
    %pushi/vec4 16, 0, 32;
T_0.0 %dup/vec4;
    %pushi/vec4 0, 0, 32;
    %cmp/s;
    %jmp/1xz T_0.1, 5;
    %jmp/1 T_0.1, 4;
    %pushi/vec4 1, 0, 32;
    %sub;
    %pushi/vec4 4, 0, 32;
T_0.2 %dup/vec4;
    %pushi/vec4 0, 0, 32;
    %cmp/s;
    %jmp/1xz T_0.3, 5;
    %jmp/1 T_0.3, 4;
    %pushi/vec4 1, 0, 32;
    %sub;
    %delay 5000, 0;
    %load/vec4 v0x55f0de504c00_0;
    %addi 1, 0, 2;
    %store/vec4 v0x55f0de504c00_0, 0, 2;
    %jmp T_0.2;
T_0.3 ;
    %pop/vec4 1;
    %pushi/vec4 0, 0, 2;
    %store/vec4 v0x55f0de504c00_0, 0, 2;
    %delay 5000, 0;
    %load/vec4 v0x55f0de504b10_0;
    %addi 1, 0, 4;
    %store/vec4 v0x55f0de504b10_0, 0, 4;
    %jmp T_0.0;
T_0.1 ;
    %pop/vec4 1;
    %vpi_call 2 26 "$finish" {0 0 0};
    %end;
    .thread T_0;
# The file index is used to find the file name in the following table.
:file_names 5;
    "N/A";
    "<interactive>";
    "mux4x1_tb.v";
    "./mux4x1.v";
    "/share_folder/verilog/new/100_days_of_RTL/4th_day/mux2x1.v";
