#! /usr/bin/vvp
:ivl_version "12.0 (stable)";
:ivl_delay_selection "TYPICAL";
:vpi_time_precision - 12;
:vpi_module "/usr/lib/x86_64-linux-gnu/ivl/system.vpi";
:vpi_module "/usr/lib/x86_64-linux-gnu/ivl/vhdl_sys.vpi";
:vpi_module "/usr/lib/x86_64-linux-gnu/ivl/vhdl_textio.vpi";
:vpi_module "/usr/lib/x86_64-linux-gnu/ivl/v2005_math.vpi";
:vpi_module "/usr/lib/x86_64-linux-gnu/ivl/va_math.vpi";
S_0x5565e3f57700 .scope module, "ripple_carry_adder_tb" "ripple_carry_adder_tb" 2 4;
 .timescale -9 -12;
v0x5565e3f83170_0 .var "a", 3 0;
v0x5565e3f83250_0 .var "b", 3 0;
v0x5565e3f83320_0 .var "cin", 0 0;
v0x5565e3f83440_0 .net "cout", 0 0, L_0x5565e3f85850;  1 drivers
v0x5565e3f83530_0 .net "sum", 3 0, L_0x5565e3f85e50;  1 drivers
S_0x5565e3f4e690 .scope module, "dut" "ripple_carry_adder" 2 11, 3 12 0, S_0x5565e3f57700;
 .timescale -9 -12;
    .port_info 0 /INPUT 4 "a";
    .port_info 1 /INPUT 4 "b";
    .port_info 2 /INPUT 1 "cin";
    .port_info 3 /OUTPUT 1 "cout";
    .port_info 4 /OUTPUT 4 "sum";
v0x5565e3f82bf0_0 .net "a", 3 0, v0x5565e3f83170_0;  1 drivers
v0x5565e3f82cf0_0 .net "b", 3 0, v0x5565e3f83250_0;  1 drivers
v0x5565e3f82dd0_0 .net "cin", 0 0, v0x5565e3f83320_0;  1 drivers
v0x5565e3f82ea0_0 .net "cout", 0 0, L_0x5565e3f85850;  alias, 1 drivers
v0x5565e3f82f70_0 .net "sum", 3 0, L_0x5565e3f85e50;  alias, 1 drivers
v0x5565e3f83010_0 .net "w", 2 0, L_0x5565e3f85340;  1 drivers
L_0x5565e3f83c70 .part v0x5565e3f83170_0, 0, 1;
L_0x5565e3f83da0 .part v0x5565e3f83250_0, 0, 1;
L_0x5565e3f844d0 .part v0x5565e3f83170_0, 1, 1;
L_0x5565e3f84600 .part v0x5565e3f83250_0, 1, 1;
L_0x5565e3f84760 .part L_0x5565e3f85340, 0, 1;
L_0x5565e3f84e00 .part v0x5565e3f83170_0, 2, 1;
L_0x5565e3f85000 .part v0x5565e3f83250_0, 2, 1;
L_0x5565e3f851c0 .part L_0x5565e3f85340, 1, 1;
L_0x5565e3f85340 .concat8 [ 1 1 1 0], L_0x5565e3f83b60, L_0x5565e3f843c0, L_0x5565e3f84cf0;
L_0x5565e3f85960 .part v0x5565e3f83170_0, 3, 1;
L_0x5565e3f85af0 .part v0x5565e3f83250_0, 3, 1;
L_0x5565e3f85c20 .part L_0x5565e3f85340, 2, 1;
L_0x5565e3f85e50 .concat8 [ 1 1 1 1], L_0x5565e3f836c0, L_0x5565e3f83f40, L_0x5565e3f84900, L_0x5565e3f85450;
S_0x5565e3f553f0 .scope module, "m1" "full_adder" 3 21, 3 1 0, S_0x5565e3f4e690;
 .timescale -9 -12;
    .port_info 0 /INPUT 1 "a";
    .port_info 1 /INPUT 1 "b";
    .port_info 2 /INPUT 1 "cin";
    .port_info 3 /OUTPUT 1 "sum";
    .port_info 4 /OUTPUT 1 "cout";
L_0x5565e3f83620 .functor XOR 1, L_0x5565e3f83c70, L_0x5565e3f83da0, C4<0>, C4<0>;
L_0x5565e3f836c0 .functor XOR 1, L_0x5565e3f83620, v0x5565e3f83320_0, C4<0>, C4<0>;
L_0x5565e3f837b0 .functor AND 1, L_0x5565e3f83c70, L_0x5565e3f83da0, C4<1>, C4<1>;
L_0x5565e3f838c0 .functor AND 1, L_0x5565e3f83da0, v0x5565e3f83320_0, C4<1>, C4<1>;
L_0x5565e3f839f0 .functor OR 1, L_0x5565e3f837b0, L_0x5565e3f838c0, C4<0>, C4<0>;
L_0x5565e3f83ab0 .functor AND 1, v0x5565e3f83320_0, L_0x5565e3f83c70, C4<1>, C4<1>;
L_0x5565e3f83b60 .functor OR 1, L_0x5565e3f839f0, L_0x5565e3f83ab0, C4<0>, C4<0>;
v0x5565e3f57ad0_0 .net *"_ivl_0", 0 0, L_0x5565e3f83620;  1 drivers
v0x5565e3f54d30_0 .net *"_ivl_10", 0 0, L_0x5565e3f83ab0;  1 drivers
v0x5565e3f51de0_0 .net *"_ivl_4", 0 0, L_0x5565e3f837b0;  1 drivers
v0x5565e3f4eeb0_0 .net *"_ivl_6", 0 0, L_0x5565e3f838c0;  1 drivers
v0x5565e3f80520_0 .net *"_ivl_8", 0 0, L_0x5565e3f839f0;  1 drivers
v0x5565e3f80650_0 .net "a", 0 0, L_0x5565e3f83c70;  1 drivers
v0x5565e3f80710_0 .net "b", 0 0, L_0x5565e3f83da0;  1 drivers
v0x5565e3f807d0_0 .net "cin", 0 0, v0x5565e3f83320_0;  alias, 1 drivers
v0x5565e3f80890_0 .net "cout", 0 0, L_0x5565e3f83b60;  1 drivers
v0x5565e3f80950_0 .net "sum", 0 0, L_0x5565e3f836c0;  1 drivers
S_0x5565e3f80ab0 .scope module, "m2" "full_adder" 3 22, 3 1 0, S_0x5565e3f4e690;
 .timescale -9 -12;
    .port_info 0 /INPUT 1 "a";
    .port_info 1 /INPUT 1 "b";
    .port_info 2 /INPUT 1 "cin";
    .port_info 3 /OUTPUT 1 "sum";
    .port_info 4 /OUTPUT 1 "cout";
L_0x5565e3f83ed0 .functor XOR 1, L_0x5565e3f844d0, L_0x5565e3f84600, C4<0>, C4<0>;
L_0x5565e3f83f40 .functor XOR 1, L_0x5565e3f83ed0, L_0x5565e3f84760, C4<0>, C4<0>;
L_0x5565e3f84000 .functor AND 1, L_0x5565e3f844d0, L_0x5565e3f84600, C4<1>, C4<1>;
L_0x5565e3f84110 .functor AND 1, L_0x5565e3f84600, L_0x5565e3f84760, C4<1>, C4<1>;
L_0x5565e3f84200 .functor OR 1, L_0x5565e3f84000, L_0x5565e3f84110, C4<0>, C4<0>;
L_0x5565e3f84310 .functor AND 1, L_0x5565e3f84760, L_0x5565e3f844d0, C4<1>, C4<1>;
L_0x5565e3f843c0 .functor OR 1, L_0x5565e3f84200, L_0x5565e3f84310, C4<0>, C4<0>;
v0x5565e3f80c60_0 .net *"_ivl_0", 0 0, L_0x5565e3f83ed0;  1 drivers
v0x5565e3f80d40_0 .net *"_ivl_10", 0 0, L_0x5565e3f84310;  1 drivers
v0x5565e3f80e20_0 .net *"_ivl_4", 0 0, L_0x5565e3f84000;  1 drivers
v0x5565e3f80ee0_0 .net *"_ivl_6", 0 0, L_0x5565e3f84110;  1 drivers
v0x5565e3f80fc0_0 .net *"_ivl_8", 0 0, L_0x5565e3f84200;  1 drivers
v0x5565e3f810f0_0 .net "a", 0 0, L_0x5565e3f844d0;  1 drivers
v0x5565e3f811b0_0 .net "b", 0 0, L_0x5565e3f84600;  1 drivers
v0x5565e3f81270_0 .net "cin", 0 0, L_0x5565e3f84760;  1 drivers
v0x5565e3f81330_0 .net "cout", 0 0, L_0x5565e3f843c0;  1 drivers
v0x5565e3f813f0_0 .net "sum", 0 0, L_0x5565e3f83f40;  1 drivers
S_0x5565e3f81550 .scope module, "m3" "full_adder" 3 23, 3 1 0, S_0x5565e3f4e690;
 .timescale -9 -12;
    .port_info 0 /INPUT 1 "a";
    .port_info 1 /INPUT 1 "b";
    .port_info 2 /INPUT 1 "cin";
    .port_info 3 /OUTPUT 1 "sum";
    .port_info 4 /OUTPUT 1 "cout";
L_0x5565e3f84890 .functor XOR 1, L_0x5565e3f84e00, L_0x5565e3f85000, C4<0>, C4<0>;
L_0x5565e3f84900 .functor XOR 1, L_0x5565e3f84890, L_0x5565e3f851c0, C4<0>, C4<0>;
L_0x5565e3f849a0 .functor AND 1, L_0x5565e3f84e00, L_0x5565e3f85000, C4<1>, C4<1>;
L_0x5565e3f84a40 .functor AND 1, L_0x5565e3f85000, L_0x5565e3f851c0, C4<1>, C4<1>;
L_0x5565e3f84b30 .functor OR 1, L_0x5565e3f849a0, L_0x5565e3f84a40, C4<0>, C4<0>;
L_0x5565e3f84c40 .functor AND 1, L_0x5565e3f851c0, L_0x5565e3f84e00, C4<1>, C4<1>;
L_0x5565e3f84cf0 .functor OR 1, L_0x5565e3f84b30, L_0x5565e3f84c40, C4<0>, C4<0>;
v0x5565e3f816e0_0 .net *"_ivl_0", 0 0, L_0x5565e3f84890;  1 drivers
v0x5565e3f817c0_0 .net *"_ivl_10", 0 0, L_0x5565e3f84c40;  1 drivers
v0x5565e3f818a0_0 .net *"_ivl_4", 0 0, L_0x5565e3f849a0;  1 drivers
v0x5565e3f81990_0 .net *"_ivl_6", 0 0, L_0x5565e3f84a40;  1 drivers
v0x5565e3f81a70_0 .net *"_ivl_8", 0 0, L_0x5565e3f84b30;  1 drivers
v0x5565e3f81ba0_0 .net "a", 0 0, L_0x5565e3f84e00;  1 drivers
v0x5565e3f81c60_0 .net "b", 0 0, L_0x5565e3f85000;  1 drivers
v0x5565e3f81d20_0 .net "cin", 0 0, L_0x5565e3f851c0;  1 drivers
v0x5565e3f81de0_0 .net "cout", 0 0, L_0x5565e3f84cf0;  1 drivers
v0x5565e3f81f30_0 .net "sum", 0 0, L_0x5565e3f84900;  1 drivers
S_0x5565e3f82090 .scope module, "m4" "full_adder" 3 24, 3 1 0, S_0x5565e3f4e690;
 .timescale -9 -12;
    .port_info 0 /INPUT 1 "a";
    .port_info 1 /INPUT 1 "b";
    .port_info 2 /INPUT 1 "cin";
    .port_info 3 /OUTPUT 1 "sum";
    .port_info 4 /OUTPUT 1 "cout";
L_0x5565e3f853e0 .functor XOR 1, L_0x5565e3f85960, L_0x5565e3f85af0, C4<0>, C4<0>;
L_0x5565e3f85450 .functor XOR 1, L_0x5565e3f853e0, L_0x5565e3f85c20, C4<0>, C4<0>;
L_0x5565e3f854c0 .functor AND 1, L_0x5565e3f85960, L_0x5565e3f85af0, C4<1>, C4<1>;
L_0x5565e3f855d0 .functor AND 1, L_0x5565e3f85af0, L_0x5565e3f85c20, C4<1>, C4<1>;
L_0x5565e3f85690 .functor OR 1, L_0x5565e3f854c0, L_0x5565e3f855d0, C4<0>, C4<0>;
L_0x5565e3f857a0 .functor AND 1, L_0x5565e3f85c20, L_0x5565e3f85960, C4<1>, C4<1>;
L_0x5565e3f85850 .functor OR 1, L_0x5565e3f85690, L_0x5565e3f857a0, C4<0>, C4<0>;
v0x5565e3f82220_0 .net *"_ivl_0", 0 0, L_0x5565e3f853e0;  1 drivers
v0x5565e3f82320_0 .net *"_ivl_10", 0 0, L_0x5565e3f857a0;  1 drivers
v0x5565e3f82400_0 .net *"_ivl_4", 0 0, L_0x5565e3f854c0;  1 drivers
v0x5565e3f824f0_0 .net *"_ivl_6", 0 0, L_0x5565e3f855d0;  1 drivers
v0x5565e3f825d0_0 .net *"_ivl_8", 0 0, L_0x5565e3f85690;  1 drivers
v0x5565e3f82700_0 .net "a", 0 0, L_0x5565e3f85960;  1 drivers
v0x5565e3f827c0_0 .net "b", 0 0, L_0x5565e3f85af0;  1 drivers
v0x5565e3f82880_0 .net "cin", 0 0, L_0x5565e3f85c20;  1 drivers
v0x5565e3f82940_0 .net "cout", 0 0, L_0x5565e3f85850;  alias, 1 drivers
v0x5565e3f82a90_0 .net "sum", 0 0, L_0x5565e3f85450;  1 drivers
    .scope S_0x5565e3f57700;
T_0 ;
    %vpi_call 2 15 "$dumpfile", "ripple_carry_adder.vcd" {0 0 0};
    %vpi_call 2 16 "$dumpvars", 32'sb00000000000000000000000000000001 {0 0 0};
    %vpi_call 2 17 "$monitor", "a=%b\011b=%b\011cin=%b\011sum=%b\011cout=%b\011", v0x5565e3f83170_0, v0x5565e3f83250_0, v0x5565e3f83320_0, v0x5565e3f83530_0, v0x5565e3f83440_0 {0 0 0};
    %pushi/vec4 0, 0, 4;
    %store/vec4 v0x5565e3f83170_0, 0, 4;
    %pushi/vec4 0, 0, 4;
    %store/vec4 v0x5565e3f83250_0, 0, 4;
    %pushi/vec4 0, 0, 1;
    %store/vec4 v0x5565e3f83320_0, 0, 1;
    %delay 5000, 0;
    %pushi/vec4 15, 0, 32;
T_0.0 %dup/vec4;
    %pushi/vec4 0, 0, 32;
    %cmp/s;
    %jmp/1xz T_0.1, 5;
    %jmp/1 T_0.1, 4;
    %pushi/vec4 1, 0, 32;
    %sub;
    %delay 5000, 0;
    %load/vec4 v0x5565e3f83170_0;
    %addi 1, 0, 4;
    %store/vec4 v0x5565e3f83170_0, 0, 4;
    %pushi/vec4 15, 0, 32;
T_0.2 %dup/vec4;
    %pushi/vec4 0, 0, 32;
    %cmp/s;
    %jmp/1xz T_0.3, 5;
    %jmp/1 T_0.3, 4;
    %pushi/vec4 1, 0, 32;
    %sub;
    %delay 5000, 0;
    %load/vec4 v0x5565e3f83250_0;
    %addi 1, 0, 4;
    %store/vec4 v0x5565e3f83250_0, 0, 4;
    %pushi/vec4 2, 0, 32;
T_0.4 %dup/vec4;
    %pushi/vec4 0, 0, 32;
    %cmp/s;
    %jmp/1xz T_0.5, 5;
    %jmp/1 T_0.5, 4;
    %pushi/vec4 1, 0, 32;
    %sub;
    %delay 5000, 0;
    %load/vec4 v0x5565e3f83320_0;
    %inv;
    %store/vec4 v0x5565e3f83320_0, 0, 1;
    %jmp T_0.4;
T_0.5 ;
    %pop/vec4 1;
    %jmp T_0.2;
T_0.3 ;
    %pop/vec4 1;
    %jmp T_0.0;
T_0.1 ;
    %pop/vec4 1;
    %end;
    .thread T_0;
# The file index is used to find the file name in the following table.
:file_names 4;
    "N/A";
    "<interactive>";
    "ripple_carry_adder_tb.v";
    "./ripple_carry_adder.v";
