#! /usr/bin/vvp
:ivl_version "12.0 (stable)";
:ivl_delay_selection "TYPICAL";
:vpi_time_precision - 12;
:vpi_module "/usr/lib/x86_64-linux-gnu/ivl/system.vpi";
:vpi_module "/usr/lib/x86_64-linux-gnu/ivl/vhdl_sys.vpi";
:vpi_module "/usr/lib/x86_64-linux-gnu/ivl/vhdl_textio.vpi";
:vpi_module "/usr/lib/x86_64-linux-gnu/ivl/v2005_math.vpi";
:vpi_module "/usr/lib/x86_64-linux-gnu/ivl/va_math.vpi";
S_0x55bb862c63f0 .scope module, "pwm_tb" "pwm_tb" 2 4;
 .timescale -9 -12;
v0x55bb862d8260_0 .var "clk", 0 0;
v0x55bb862d8320_0 .var "duty_cycle", 7 0;
v0x55bb862d83f0_0 .net "pwm_out", 0 0, v0x55bb862d8010_0;  1 drivers
v0x55bb862d84f0_0 .var "rst", 0 0;
S_0x55bb862c6580 .scope module, "dut" "pwm" 2 10, 3 1 0, S_0x55bb862c63f0;
 .timescale -9 -12;
    .port_info 0 /INPUT 1 "clk";
    .port_info 1 /INPUT 1 "rst";
    .port_info 2 /OUTPUT 1 "pwm_out";
    .port_info 3 /INPUT 8 "duty_cycle";
v0x55bb8628b490_0 .net "clk", 0 0, v0x55bb862d8260_0;  1 drivers
v0x55bb862d7e40_0 .var "counter", 7 0;
v0x55bb862d7f20_0 .net "duty_cycle", 7 0, v0x55bb862d8320_0;  1 drivers
v0x55bb862d8010_0 .var "pwm_out", 0 0;
v0x55bb862d80d0_0 .net "rst", 0 0, v0x55bb862d84f0_0;  1 drivers
E_0x55bb862c4680/0 .event negedge, v0x55bb862d80d0_0;
E_0x55bb862c4680/1 .event posedge, v0x55bb8628b490_0;
E_0x55bb862c4680 .event/or E_0x55bb862c4680/0, E_0x55bb862c4680/1;
    .scope S_0x55bb862c6580;
T_0 ;
    %wait E_0x55bb862c4680;
    %load/vec4 v0x55bb862d80d0_0;
    %nor/r;
    %flag_set/vec4 8;
    %jmp/0xz  T_0.0, 8;
    %pushi/vec4 0, 0, 8;
    %assign/vec4 v0x55bb862d7e40_0, 0;
    %pushi/vec4 0, 0, 1;
    %assign/vec4 v0x55bb862d8010_0, 0;
    %jmp T_0.1;
T_0.0 ;
    %load/vec4 v0x55bb862d7e40_0;
    %addi 1, 0, 8;
    %assign/vec4 v0x55bb862d7e40_0, 0;
    %load/vec4 v0x55bb862d7e40_0;
    %load/vec4 v0x55bb862d7f20_0;
    %cmp/u;
    %jmp/0xz  T_0.2, 5;
    %pushi/vec4 1, 0, 1;
    %assign/vec4 v0x55bb862d8010_0, 0;
    %jmp T_0.3;
T_0.2 ;
    %pushi/vec4 0, 0, 1;
    %assign/vec4 v0x55bb862d8010_0, 0;
T_0.3 ;
T_0.1 ;
    %jmp T_0;
    .thread T_0;
    .scope S_0x55bb862c63f0;
T_1 ;
    %delay 5000, 0;
    %load/vec4 v0x55bb862d8260_0;
    %inv;
    %store/vec4 v0x55bb862d8260_0, 0, 1;
    %jmp T_1;
    .thread T_1;
    .scope S_0x55bb862c63f0;
T_2 ;
    %pushi/vec4 0, 0, 1;
    %store/vec4 v0x55bb862d8260_0, 0, 1;
    %pushi/vec4 0, 0, 1;
    %store/vec4 v0x55bb862d84f0_0, 0, 1;
    %delay 10000, 0;
    %pushi/vec4 1, 0, 1;
    %store/vec4 v0x55bb862d84f0_0, 0, 1;
    %pushi/vec4 128, 0, 8;
    %store/vec4 v0x55bb862d8320_0, 0, 8;
    %delay 200000, 0;
    %vpi_call 2 21 "$finish" {0 0 0};
    %end;
    .thread T_2;
# The file index is used to find the file name in the following table.
:file_names 4;
    "N/A";
    "<interactive>";
    "pwm_tb.v";
    "./pwm.v";
