#! /usr/bin/vvp
:ivl_version "12.0 (stable)";
:ivl_delay_selection "TYPICAL";
:vpi_time_precision - 12;
:vpi_module "/usr/lib/x86_64-linux-gnu/ivl/system.vpi";
:vpi_module "/usr/lib/x86_64-linux-gnu/ivl/vhdl_sys.vpi";
:vpi_module "/usr/lib/x86_64-linux-gnu/ivl/vhdl_textio.vpi";
:vpi_module "/usr/lib/x86_64-linux-gnu/ivl/v2005_math.vpi";
:vpi_module "/usr/lib/x86_64-linux-gnu/ivl/va_math.vpi";
S_0x55f788ba30a0 .scope module, "freq_div_tb" "freq_div_tb" 2 4;
 .timescale -9 -12;
v0x55f788bb5fe0_0 .var "clk", 0 0;
v0x55f788bb60b0_0 .net "clk_out", 0 0, v0x55f788bb5cf0_0;  1 drivers
v0x55f788bb6180_0 .var "rst", 0 0;
S_0x55f788ba3230 .scope module, "dut" "freq_div" 2 10, 3 1 0, S_0x55f788ba30a0;
 .timescale -9 -12;
    .port_info 0 /INPUT 1 "clk";
    .port_info 1 /OUTPUT 1 "clk_out";
    .port_info 2 /INPUT 1 "rst";
P_0x55f788ba3410 .param/l "div" 0 3 8, +C4<00000000000000000000000000001010>;
v0x55f788b68490_0 .net "clk", 0 0, v0x55f788bb5fe0_0;  1 drivers
v0x55f788bb5cf0_0 .var "clk_out", 0 0;
v0x55f788bb5db0_0 .var "count", 3 0;
v0x55f788bb5ea0_0 .net "rst", 0 0, v0x55f788bb6180_0;  1 drivers
E_0x55f788b68ba0/0 .event negedge, v0x55f788bb5ea0_0;
E_0x55f788b68ba0/1 .event posedge, v0x55f788b68490_0;
E_0x55f788b68ba0 .event/or E_0x55f788b68ba0/0, E_0x55f788b68ba0/1;
    .scope S_0x55f788ba3230;
T_0 ;
    %wait E_0x55f788b68ba0;
    %load/vec4 v0x55f788bb5ea0_0;
    %nor/r;
    %flag_set/vec4 8;
    %jmp/0xz  T_0.0, 8;
    %pushi/vec4 0, 0, 4;
    %assign/vec4 v0x55f788bb5db0_0, 0;
    %pushi/vec4 0, 0, 1;
    %assign/vec4 v0x55f788bb5cf0_0, 0;
    %jmp T_0.1;
T_0.0 ;
    %load/vec4 v0x55f788bb5db0_0;
    %pad/u 32;
    %cmpi/e 4, 0, 32;
    %jmp/0xz  T_0.2, 4;
    %load/vec4 v0x55f788bb5cf0_0;
    %inv;
    %assign/vec4 v0x55f788bb5cf0_0, 0;
    %pushi/vec4 0, 0, 4;
    %assign/vec4 v0x55f788bb5db0_0, 0;
    %jmp T_0.3;
T_0.2 ;
    %load/vec4 v0x55f788bb5db0_0;
    %addi 1, 0, 4;
    %assign/vec4 v0x55f788bb5db0_0, 0;
T_0.3 ;
T_0.1 ;
    %jmp T_0;
    .thread T_0;
    .scope S_0x55f788ba30a0;
T_1 ;
    %delay 500, 0;
    %load/vec4 v0x55f788bb5fe0_0;
    %inv;
    %store/vec4 v0x55f788bb5fe0_0, 0, 1;
    %jmp T_1;
    .thread T_1;
    .scope S_0x55f788ba30a0;
T_2 ;
    %vpi_call 2 18 "$dumpfile", "freq.vcd" {0 0 0};
    %vpi_call 2 19 "$dumpvars", 32'sb00000000000000000000000000000001 {0 0 0};
    %vpi_call 2 21 "$monitor", "Time=%0t\011rst =%b\011clk=%b\011 clk_out=%b", $time, v0x55f788bb6180_0, v0x55f788bb5fe0_0, v0x55f788bb60b0_0 {0 0 0};
    %pushi/vec4 0, 0, 1;
    %store/vec4 v0x55f788bb6180_0, 0, 1;
    %pushi/vec4 0, 0, 1;
    %store/vec4 v0x55f788bb5fe0_0, 0, 1;
    %delay 10000, 0;
    %pushi/vec4 1, 0, 1;
    %store/vec4 v0x55f788bb6180_0, 0, 1;
    %delay 100000, 0;
    %vpi_call 2 26 "$finish" {0 0 0};
    %end;
    .thread T_2;
# The file index is used to find the file name in the following table.
:file_names 4;
    "N/A";
    "<interactive>";
    "freq_div_tb.v";
    "./freq_div.v";
