#! /usr/bin/vvp
:ivl_version "12.0 (stable)";
:ivl_delay_selection "TYPICAL";
:vpi_time_precision - 12;
:vpi_module "/usr/lib/x86_64-linux-gnu/ivl/system.vpi";
:vpi_module "/usr/lib/x86_64-linux-gnu/ivl/vhdl_sys.vpi";
:vpi_module "/usr/lib/x86_64-linux-gnu/ivl/vhdl_textio.vpi";
:vpi_module "/usr/lib/x86_64-linux-gnu/ivl/v2005_math.vpi";
:vpi_module "/usr/lib/x86_64-linux-gnu/ivl/va_math.vpi";
S_0x55c25da02580 .scope module, "priority_encoder_tb" "priority_encoder_tb" 2 4;
 .timescale -9 -12;
v0x55c25da15760_0 .var "in", 7 0;
v0x55c25da15820_0 .net "out", 2 0, v0x55c25da15620_0;  1 drivers
S_0x55c25da02710 .scope module, "dut" "priority_encoder" 2 10, 3 1 0, S_0x55c25da02580;
 .timescale -9 -12;
    .port_info 0 /INPUT 8 "in";
    .port_info 1 /OUTPUT 3 "out";
v0x55c25da028f0_0 .net "in", 7 0, v0x55c25da15760_0;  1 drivers
v0x55c25da15620_0 .var "out", 2 0;
E_0x55c25d9c6af0 .event anyedge, v0x55c25da028f0_0;
    .scope S_0x55c25da02710;
T_0 ;
    %wait E_0x55c25d9c6af0;
    %load/vec4 v0x55c25da028f0_0;
    %parti/s 1, 7, 4;
    %flag_set/vec4 8;
    %jmp/0xz  T_0.0, 8;
    %pushi/vec4 7, 0, 3;
    %store/vec4 v0x55c25da15620_0, 0, 3;
    %jmp T_0.1;
T_0.0 ;
    %load/vec4 v0x55c25da028f0_0;
    %parti/s 1, 6, 4;
    %flag_set/vec4 8;
    %jmp/0xz  T_0.2, 8;
    %pushi/vec4 6, 0, 3;
    %store/vec4 v0x55c25da15620_0, 0, 3;
    %jmp T_0.3;
T_0.2 ;
    %load/vec4 v0x55c25da028f0_0;
    %parti/s 1, 5, 4;
    %flag_set/vec4 8;
    %jmp/0xz  T_0.4, 8;
    %pushi/vec4 5, 0, 3;
    %store/vec4 v0x55c25da15620_0, 0, 3;
    %jmp T_0.5;
T_0.4 ;
    %load/vec4 v0x55c25da028f0_0;
    %parti/s 1, 4, 4;
    %flag_set/vec4 8;
    %jmp/0xz  T_0.6, 8;
    %pushi/vec4 4, 0, 3;
    %store/vec4 v0x55c25da15620_0, 0, 3;
    %jmp T_0.7;
T_0.6 ;
    %load/vec4 v0x55c25da028f0_0;
    %parti/s 1, 3, 3;
    %flag_set/vec4 8;
    %jmp/0xz  T_0.8, 8;
    %pushi/vec4 3, 0, 3;
    %store/vec4 v0x55c25da15620_0, 0, 3;
    %jmp T_0.9;
T_0.8 ;
    %load/vec4 v0x55c25da028f0_0;
    %parti/s 1, 2, 3;
    %flag_set/vec4 8;
    %jmp/0xz  T_0.10, 8;
    %pushi/vec4 2, 0, 3;
    %store/vec4 v0x55c25da15620_0, 0, 3;
    %jmp T_0.11;
T_0.10 ;
    %load/vec4 v0x55c25da028f0_0;
    %parti/s 1, 1, 2;
    %flag_set/vec4 8;
    %jmp/0xz  T_0.12, 8;
    %pushi/vec4 1, 0, 3;
    %store/vec4 v0x55c25da15620_0, 0, 3;
    %jmp T_0.13;
T_0.12 ;
    %pushi/vec4 0, 0, 3;
    %store/vec4 v0x55c25da15620_0, 0, 3;
T_0.13 ;
T_0.11 ;
T_0.9 ;
T_0.7 ;
T_0.5 ;
T_0.3 ;
T_0.1 ;
    %jmp T_0;
    .thread T_0, $push;
    .scope S_0x55c25da02580;
T_1 ;
    %vpi_call 2 13 "$dumpfile", "priority_encoder.vcd" {0 0 0};
    %vpi_call 2 14 "$dumpvars", 32'sb00000000000000000000000000000001 {0 0 0};
    %vpi_call 2 15 "$display", "Input            |  Output" {0 0 0};
    %vpi_call 2 17 "$monitor", "  %b      ->    %b", v0x55c25da15760_0, v0x55c25da15820_0 {0 0 0};
    %pushi/vec4 0, 0, 8;
    %store/vec4 v0x55c25da15760_0, 0, 8;
    %pushi/vec4 256, 0, 32;
T_1.0 %dup/vec4;
    %pushi/vec4 0, 0, 32;
    %cmp/s;
    %jmp/1xz T_1.1, 5;
    %jmp/1 T_1.1, 4;
    %pushi/vec4 1, 0, 32;
    %sub;
    %delay 5000, 0;
    %load/vec4 v0x55c25da15760_0;
    %addi 1, 0, 8;
    %store/vec4 v0x55c25da15760_0, 0, 8;
    %jmp T_1.0;
T_1.1 ;
    %pop/vec4 1;
    %vpi_call 2 23 "$finish" {0 0 0};
    %end;
    .thread T_1;
# The file index is used to find the file name in the following table.
:file_names 4;
    "N/A";
    "<interactive>";
    "priority_encoder_tb.v";
    "/share_folder/verilog/100_days_of_RTL/1st_day/priority_encoder/priority_encoder.v";
