#! /usr/bin/vvp
:ivl_version "12.0 (stable)";
:ivl_delay_selection "TYPICAL";
:vpi_time_precision - 12;
:vpi_module "/usr/lib/x86_64-linux-gnu/ivl/system.vpi";
:vpi_module "/usr/lib/x86_64-linux-gnu/ivl/vhdl_sys.vpi";
:vpi_module "/usr/lib/x86_64-linux-gnu/ivl/vhdl_textio.vpi";
:vpi_module "/usr/lib/x86_64-linux-gnu/ivl/v2005_math.vpi";
:vpi_module "/usr/lib/x86_64-linux-gnu/ivl/va_math.vpi";
S_0x55d0d69785b0 .scope module, "mux2x1_tb" "mux2x1_tb" 2 4;
 .timescale -9 -12;
v0x55d0d698b740_0 .var "a", 0 0;
v0x55d0d698b800_0 .var "b", 0 0;
v0x55d0d698b8d0_0 .var "sel", 0 0;
v0x55d0d698b9d0_0 .net "y", 0 0, L_0x55d0d698baa0;  1 drivers
S_0x55d0d6978740 .scope module, "dut" "mux2x1" 2 9, 3 1 0, S_0x55d0d69785b0;
 .timescale -9 -12;
    .port_info 0 /OUTPUT 1 "y";
    .port_info 1 /INPUT 1 "a";
    .port_info 2 /INPUT 1 "b";
    .port_info 3 /INPUT 1 "sel";
v0x55d0d6978990_0 .net "a", 0 0, v0x55d0d698b740_0;  1 drivers
v0x55d0d698b470_0 .net "b", 0 0, v0x55d0d698b800_0;  1 drivers
v0x55d0d698b530_0 .net "sel", 0 0, v0x55d0d698b8d0_0;  1 drivers
v0x55d0d698b5d0_0 .net "y", 0 0, L_0x55d0d698baa0;  alias, 1 drivers
L_0x55d0d698baa0 .functor MUXZ 1, v0x55d0d698b740_0, v0x55d0d698b800_0, v0x55d0d698b8d0_0, C4<>;
    .scope S_0x55d0d69785b0;
T_0 ;
    %vpi_call 2 12 "$dumpfile", "mux2x1.vcd" {0 0 0};
    %vpi_call 2 13 "$dumpvars", 32'sb00000000000000000000000000000001 {0 0 0};
    %vpi_call 2 14 "$monitor", "a=%b\011b=%b\011sel=%b\011y=%b\011", v0x55d0d698b740_0, v0x55d0d698b800_0, v0x55d0d698b8d0_0, v0x55d0d698b9d0_0 {0 0 0};
    %pushi/vec4 1, 0, 1;
    %store/vec4 v0x55d0d698b740_0, 0, 1;
    %pushi/vec4 1, 0, 1;
    %store/vec4 v0x55d0d698b800_0, 0, 1;
    %pushi/vec4 0, 0, 1;
    %store/vec4 v0x55d0d698b8d0_0, 0, 1;
    %pushi/vec4 2, 0, 32;
T_0.0 %dup/vec4;
    %pushi/vec4 0, 0, 32;
    %cmp/s;
    %jmp/1xz T_0.1, 5;
    %jmp/1 T_0.1, 4;
    %pushi/vec4 1, 0, 32;
    %sub;
    %delay 5000, 0;
    %load/vec4 v0x55d0d698b740_0;
    %inv;
    %store/vec4 v0x55d0d698b740_0, 0, 1;
    %pushi/vec4 2, 0, 32;
T_0.2 %dup/vec4;
    %pushi/vec4 0, 0, 32;
    %cmp/s;
    %jmp/1xz T_0.3, 5;
    %jmp/1 T_0.3, 4;
    %pushi/vec4 1, 0, 32;
    %sub;
    %delay 5000, 0;
    %load/vec4 v0x55d0d698b800_0;
    %inv;
    %store/vec4 v0x55d0d698b800_0, 0, 1;
    %pushi/vec4 2, 0, 32;
T_0.4 %dup/vec4;
    %pushi/vec4 0, 0, 32;
    %cmp/s;
    %jmp/1xz T_0.5, 5;
    %jmp/1 T_0.5, 4;
    %pushi/vec4 1, 0, 32;
    %sub;
    %delay 5000, 0;
    %load/vec4 v0x55d0d698b8d0_0;
    %inv;
    %store/vec4 v0x55d0d698b8d0_0, 0, 1;
    %jmp T_0.4;
T_0.5 ;
    %pop/vec4 1;
    %jmp T_0.2;
T_0.3 ;
    %pop/vec4 1;
    %jmp T_0.0;
T_0.1 ;
    %pop/vec4 1;
    %vpi_call 2 26 "$finish" {0 0 0};
    %end;
    .thread T_0;
# The file index is used to find the file name in the following table.
:file_names 4;
    "N/A";
    "<interactive>";
    "mux2x1_tb.v";
    "./mux2x1.v";
