#! /usr/bin/vvp
:ivl_version "12.0 (stable)";
:ivl_delay_selection "TYPICAL";
:vpi_time_precision - 12;
:vpi_module "/usr/lib/x86_64-linux-gnu/ivl/system.vpi";
:vpi_module "/usr/lib/x86_64-linux-gnu/ivl/vhdl_sys.vpi";
:vpi_module "/usr/lib/x86_64-linux-gnu/ivl/vhdl_textio.vpi";
:vpi_module "/usr/lib/x86_64-linux-gnu/ivl/v2005_math.vpi";
:vpi_module "/usr/lib/x86_64-linux-gnu/ivl/va_math.vpi";
S_0x558992d6dfc0 .scope module, "decoder_tb" "decoder_tb" 2 4;
 .timescale -9 -12;
v0x558992d80200_0 .var "in", 2 0;
v0x558992d802c0_0 .net "out", 7 0, v0x558992d800c0_0;  1 drivers
S_0x558992d6e150 .scope module, "dut" "decoder" 2 9, 3 1 0, S_0x558992d6dfc0;
 .timescale -9 -12;
    .port_info 0 /INPUT 3 "in";
    .port_info 1 /OUTPUT 8 "out";
v0x558992d33490_0 .net "in", 2 0, v0x558992d80200_0;  1 drivers
v0x558992d800c0_0 .var "out", 7 0;
E_0x558992d33a90 .event anyedge, v0x558992d33490_0;
    .scope S_0x558992d6e150;
T_0 ;
    %wait E_0x558992d33a90;
    %load/vec4 v0x558992d33490_0;
    %dup/vec4;
    %pushi/vec4 0, 0, 3;
    %cmp/u;
    %jmp/1 T_0.0, 6;
    %dup/vec4;
    %pushi/vec4 1, 0, 3;
    %cmp/u;
    %jmp/1 T_0.1, 6;
    %dup/vec4;
    %pushi/vec4 2, 0, 3;
    %cmp/u;
    %jmp/1 T_0.2, 6;
    %dup/vec4;
    %pushi/vec4 3, 0, 3;
    %cmp/u;
    %jmp/1 T_0.3, 6;
    %dup/vec4;
    %pushi/vec4 4, 0, 3;
    %cmp/u;
    %jmp/1 T_0.4, 6;
    %dup/vec4;
    %pushi/vec4 5, 0, 3;
    %cmp/u;
    %jmp/1 T_0.5, 6;
    %dup/vec4;
    %pushi/vec4 6, 0, 3;
    %cmp/u;
    %jmp/1 T_0.6, 6;
    %dup/vec4;
    %pushi/vec4 7, 0, 3;
    %cmp/u;
    %jmp/1 T_0.7, 6;
    %pushi/vec4 255, 255, 8;
    %store/vec4 v0x558992d800c0_0, 0, 8;
    %jmp T_0.9;
T_0.0 ;
    %pushi/vec4 1, 0, 8;
    %store/vec4 v0x558992d800c0_0, 0, 8;
    %jmp T_0.9;
T_0.1 ;
    %pushi/vec4 2, 0, 8;
    %store/vec4 v0x558992d800c0_0, 0, 8;
    %jmp T_0.9;
T_0.2 ;
    %pushi/vec4 4, 0, 8;
    %store/vec4 v0x558992d800c0_0, 0, 8;
    %jmp T_0.9;
T_0.3 ;
    %pushi/vec4 8, 0, 8;
    %store/vec4 v0x558992d800c0_0, 0, 8;
    %jmp T_0.9;
T_0.4 ;
    %pushi/vec4 16, 0, 8;
    %store/vec4 v0x558992d800c0_0, 0, 8;
    %jmp T_0.9;
T_0.5 ;
    %pushi/vec4 32, 0, 8;
    %store/vec4 v0x558992d800c0_0, 0, 8;
    %jmp T_0.9;
T_0.6 ;
    %pushi/vec4 64, 0, 8;
    %store/vec4 v0x558992d800c0_0, 0, 8;
    %jmp T_0.9;
T_0.7 ;
    %pushi/vec4 128, 0, 8;
    %store/vec4 v0x558992d800c0_0, 0, 8;
    %jmp T_0.9;
T_0.9 ;
    %pop/vec4 1;
    %jmp T_0;
    .thread T_0, $push;
    .scope S_0x558992d6dfc0;
T_1 ;
    %vpi_call 2 12 "$dumpfile", "decoder.vcd" {0 0 0};
    %vpi_call 2 13 "$dumpvars", 32'sb00000000000000000000000000000001 {0 0 0};
    %vpi_call 2 14 "$display", "Input      |   Output\012" {0 0 0};
    %vpi_call 2 16 "$monitor", "%b        |   %b", v0x558992d80200_0, v0x558992d802c0_0 {0 0 0};
    %pushi/vec4 0, 0, 3;
    %store/vec4 v0x558992d80200_0, 0, 3;
    %delay 5000, 0;
    %pushi/vec4 8, 0, 32;
T_1.0 %dup/vec4;
    %pushi/vec4 0, 0, 32;
    %cmp/s;
    %jmp/1xz T_1.1, 5;
    %jmp/1 T_1.1, 4;
    %pushi/vec4 1, 0, 32;
    %sub;
    %delay 5000, 0;
    %load/vec4 v0x558992d80200_0;
    %addi 1, 0, 3;
    %store/vec4 v0x558992d80200_0, 0, 3;
    %jmp T_1.0;
T_1.1 ;
    %pop/vec4 1;
    %end;
    .thread T_1;
# The file index is used to find the file name in the following table.
:file_names 4;
    "N/A";
    "<interactive>";
    "decoder_tb.v";
    "./decoder.v";
